#
# There is insufficient memory for the Java Runtime Environment to continue.
# Native memory allocation (mmap) failed to map 101711872 bytes for committing reserved memory.
# Possible reasons:
#   The system is out of physical RAM or swap space
#   In 32 bit mode, the process size limit was hit
# Possible solutions:
#   Reduce memory load on the system
#   Increase physical memory or swap space
#   Check if swap backing store is full
#   Use 64 bit Java on a 64 bit OS
#   Decrease Java heap size (-Xmx/-Xms)
#   Decrease number of Java threads
#   Decrease Java thread stack sizes (-Xss)
#   Set larger code cache with -XX:ReservedCodeCacheSize=
# This output file may be truncated or incomplete.
#
#  Out of Memory Error (os_linux.cpp:2643), pid=6998, tid=0x00007f10c25d1700
#
# JRE version: OpenJDK Runtime Environment (8.0_131-b11) (build 1.8.0_131-8u131-b11-2ubuntu1.17.04.3-b11)
# Java VM: OpenJDK 64-Bit Server VM (25.131-b11 mixed mode linux-amd64 compressed oops)
# Failed to write core dump. Core dumps have been disabled. To enable core dumping, try "ulimit -c unlimited" before starting Java again
#

---------------  T H R E A D  ---------------

Current thread (0x00007f10d4073800):  VMThread [stack: 0x00007f10c24d1000,0x00007f10c25d2000] [id=7026]

Stack: [0x00007f10c24d1000,0x00007f10c25d2000],  sp=0x00007f10c25d04b0,  free space=1021k
Native frames: (J=compiled Java code, j=interpreted, Vv=VM code, C=native code)
V  [libjvm.so+0xa6fa00]  VMError::report_and_die()+0x160
V  [libjvm.so+0x4c7bdc]  report_vm_out_of_memory(char const*, int, unsigned long, VMErrorType, char const*)+0xac
V  [libjvm.so+0x8be7a0]  os::pd_commit_memory(char*, unsigned long, unsigned long, bool)+0xf0
V  [libjvm.so+0x8b8e2e]  os::commit_memory(char*, unsigned long, unsigned long, bool)+0x2e
V  [libjvm.so+0x93395e]  PSVirtualSpace::expand_by(unsigned long)+0x4e
V  [libjvm.so+0x934ce3]  PSYoungGen::resize(unsigned long, unsigned long)+0x103
V  [libjvm.so+0x931333]  PSScavenge::invoke_no_policy()+0x1503
V  [libjvm.so+0x92a039]  PSParallelCompact::invoke(bool)+0x49
V  [libjvm.so+0x449a23]  CollectedHeap::collect_as_vm_thread(GCCause::Cause)+0x163
V  [libjvm.so+0xa70ed9]  VM_CollectForMetadataAllocation::doit()+0x169
V  [libjvm.so+0xa767e7]  VM_Operation::evaluate()+0x47
V  [libjvm.so+0xa73f77]  VMThread::evaluate_operation(VM_Operation*) [clone .constprop.30]+0xe7
V  [libjvm.so+0xa753f6]  VMThread::loop()+0x246
V  [libjvm.so+0xa758f1]  VMThread::run()+0x81
V  [libjvm.so+0x8bbd32]  java_start(Thread*)+0xf2

VM_Operation (0x00007f10da84f3b0): CollectForMetadataAllocation, mode: safepoint, requested by thread 0x00007f10d400a000


---------------  P R O C E S S  ---------------

Java Threads: ( => current thread )
  0x00007f10d40b0000 JavaThread "Service Thread" daemon [_thread_blocked, id=7032, stack(0x00007f10c1bef000,0x00007f10c1cf0000)]
  0x00007f10d40ad000 JavaThread "C1 CompilerThread1" daemon [_thread_blocked, id=7031, stack(0x00007f10c1cf0000,0x00007f10c1df1000)]
  0x00007f10d40aa800 JavaThread "C2 CompilerThread0" daemon [_thread_blocked, id=7030, stack(0x00007f10c1df1000,0x00007f10c1ef2000)]
  0x00007f10d40a8000 JavaThread "Signal Dispatcher" daemon [_thread_blocked, id=7029, stack(0x00007f10c1ef2000,0x00007f10c1ff3000)]
  0x00007f10d407f800 JavaThread "Finalizer" daemon [_thread_blocked, id=7028, stack(0x00007f10c22cf000,0x00007f10c23d0000)]
  0x00007f10d407b000 JavaThread "Reference Handler" daemon [_thread_blocked, id=7027, stack(0x00007f10c23d0000,0x00007f10c24d1000)]
  0x00007f10d400a000 JavaThread "main" [_thread_blocked, id=7023, stack(0x00007f10da756000,0x00007f10da857000)]

Other Threads:
=>0x00007f10d4073800 VMThread [stack: 0x00007f10c24d1000,0x00007f10c25d2000] [id=7026]
  0x00007f10d40bf000 WatcherThread [stack: 0x00007f10c1aee000,0x00007f10c1bef000] [id=7033]

VM state:at safepoint (normal execution)

VM Mutex/Monitor currently owned by a thread:  ([mutex/lock_event])
[0x00007f10d4006480] Threads_lock - owner thread: 0x00007f10d4073800
[0x00007f10d4006980] Heap_lock - owner thread: 0x00007f10d400a000

Heap:
 PSYoungGen      total 105984K, used 6407K [0x00000000f0580000, 0x00000000f7480000, 0x0000000100000000)
  eden space 98304K, 0% used [0x00000000f0580000,0x00000000f0580000,0x00000000f6580000)
  from space 7680K, 83% used [0x00000000f6580000,0x00000000f6bc1f88,0x00000000f6d00000)
  to   space 7680K, 0% used [0x00000000f6d00000,0x00000000f6d00000,0x00000000f7480000)
 ParOldGen       total 32768K, used 12652K [0x00000000d1000000, 0x00000000d3000000, 0x00000000f0580000)
  object space 32768K, 38% used [0x00000000d1000000,0x00000000d1c5b210,0x00000000d3000000)
 Metaspace       used 20749K, capacity 21238K, committed 21296K, reserved 1069056K
  class space    used 2480K, capacity 2600K, committed 2608K, reserved 1048576K

Card table byte_map: [0x00007f10c3c3d000,0x00007f10c3db6000] byte_map_base: 0x00007f10c35b5000

Marking Bits: (ParMarkBitMap*) 0x00007f10d9a1b2c0
 Begin Bits: [0x00007f10b21c0000, 0x00007f10b2d80000)
 End Bits:   [0x00007f10b2d80000, 0x00007f10b3940000)

Polling page: 0x00007f10da86d000

CodeCache: size=245760Kb used=9125Kb max_used=9125Kb free=236634Kb
 bounds [0x00007f10c4176000, 0x00007f10c4a66000, 0x00007f10d3176000]
 total_blobs=3466 nmethods=3097 adapters=283
 compilation: enabled

Compilation events (10 events):
Event: 6,185 Thread 0x00007f10d40ad000 3115       3       com.sun.tools.javac.util.Names::fromString (9 bytes)
Event: 6,185 Thread 0x00007f10d40ad000 nmethod 3115 0x00007f10c4a5f7d0 code [0x00007f10c4a5f960, 0x00007f10c4a5fe78]
Event: 6,185 Thread 0x00007f10d40ad000 3116       3       com.sun.tools.javac.util.SharedNameTable::fromChars (187 bytes)
Event: 6,186 Thread 0x00007f10d40ad000 nmethod 3116 0x00007f10c4a60090 code [0x00007f10c4a602a0, 0x00007f10c4a60d78]
Event: 6,187 Thread 0x00007f10d40ad000 3117       3       com.sun.tools.javac.util.List::<init> (15 bytes)
Event: 6,187 Thread 0x00007f10d40ad000 nmethod 3117 0x00007f10c4a61410 code [0x00007f10c4a61580, 0x00007f10c4a617b0]
Event: 6,187 Thread 0x00007f10d40ad000 3118       3       com.sun.tools.javac.util.Assert::check (8 bytes)
Event: 6,187 Thread 0x00007f10d40ad000 nmethod 3118 0x00007f10c4a61890 code [0x00007f10c4a61a00, 0x00007f10c4a61c88]
Event: 6,266 Thread 0x00007f10d40ad000 3120       3       java.util.EnumSet::noneOf (63 bytes)
Event: 6,268 Thread 0x00007f10d40ad000 nmethod 3120 0x00007f10c4a62990 code [0x00007f10c4a62c20, 0x00007f10c4a63c48]

GC Heap History (10 events):
Event: 1,355 GC heap after
Heap after GC invocations=2 (full 0):
 PSYoungGen      total 26624K, used 2022K [0x00000000f0580000, 0x00000000f2180000, 0x0000000100000000)
  eden space 24576K, 0% used [0x00000000f0580000,0x00000000f0580000,0x00000000f1d80000)
  from space 2048K, 98% used [0x00000000f1f80000,0x00000000f2179ac0,0x00000000f2180000)
  to   space 2048K, 0% used [0x00000000f1d80000,0x00000000f1d80000,0x00000000f1f80000)
 ParOldGen       total 32768K, used 1333K [0x00000000d1000000, 0x00000000d3000000, 0x00000000f0580000)
  object space 32768K, 4% used [0x00000000d1000000,0x00000000d114d7b8,0x00000000d3000000)
 Metaspace       used 7589K, capacity 7676K, committed 7936K, reserved 1056768K
  class space    used 918K, capacity 984K, committed 1024K, reserved 1048576K
}
Event: 1,804 GC heap before
{Heap before GC invocations=3 (full 0):
 PSYoungGen      total 26624K, used 26598K [0x00000000f0580000, 0x00000000f2180000, 0x0000000100000000)
  eden space 24576K, 100% used [0x00000000f0580000,0x00000000f1d80000,0x00000000f1d80000)
  from space 2048K, 98% used [0x00000000f1f80000,0x00000000f2179ac0,0x00000000f2180000)
  to   space 2048K, 0% used [0x00000000f1d80000,0x00000000f1d80000,0x00000000f1f80000)
 ParOldGen       total 32768K, used 1333K [0x00000000d1000000, 0x00000000d3000000, 0x00000000f0580000)
  object space 32768K, 4% used [0x00000000d1000000,0x00000000d114d7b8,0x00000000d3000000)
 Metaspace       used 9736K, capacity 9940K, committed 9984K, reserved 1058816K
  class space    used 1172K, capacity 1245K, committed 1280K, reserved 1048576K
Event: 1,811 GC heap after
Heap after GC invocations=3 (full 0):
 PSYoungGen      total 26624K, used 2032K [0x00000000f0580000, 0x00000000f3980000, 0x0000000100000000)
  eden space 24576K, 0% used [0x00000000f0580000,0x00000000f0580000,0x00000000f1d80000)
  from space 2048K, 99% used [0x00000000f1d80000,0x00000000f1f7c010,0x00000000f1f80000)
  to   space 2048K, 0% used [0x00000000f3780000,0x00000000f3780000,0x00000000f3980000)
 ParOldGen       total 32768K, used 3820K [0x00000000d1000000, 0x00000000d3000000, 0x00000000f0580000)
  object space 32768K, 11% used [0x00000000d1000000,0x00000000d13bb1a8,0x00000000d3000000)
 Metaspace       used 9736K, capacity 9940K, committed 9984K, reserved 1058816K
  class space    used 1172K, capacity 1245K, committed 1280K, reserved 1048576K
}
Event: 2,395 GC heap before
{Heap before GC invocations=4 (full 0):
 PSYoungGen      total 26624K, used 26608K [0x00000000f0580000, 0x00000000f3980000, 0x0000000100000000)
  eden space 24576K, 100% used [0x00000000f0580000,0x00000000f1d80000,0x00000000f1d80000)
  from space 2048K, 99% used [0x00000000f1d80000,0x00000000f1f7c010,0x00000000f1f80000)
  to   space 2048K, 0% used [0x00000000f3780000,0x00000000f3780000,0x00000000f3980000)
 ParOldGen       total 32768K, used 3820K [0x00000000d1000000, 0x00000000d3000000, 0x00000000f0580000)
  object space 32768K, 11% used [0x00000000d1000000,0x00000000d13bb1a8,0x00000000d3000000)
 Metaspace       used 12534K, capacity 12654K, committed 12928K, reserved 1060864K
  class space    used 1554K, capacity 1637K, committed 1664K, reserved 1048576K
Event: 2,418 GC heap after
Heap after GC invocations=4 (full 0):
 PSYoungGen      total 51200K, used 2048K [0x00000000f0580000, 0x00000000f3980000, 0x0000000100000000)
  eden space 49152K, 0% used [0x00000000f0580000,0x00000000f0580000,0x00000000f3580000)
  from space 2048K, 100% used [0x00000000f3780000,0x00000000f3980000,0x00000000f3980000)
  to   space 2048K, 0% used [0x00000000f3580000,0x00000000f3580000,0x00000000f3780000)
 ParOldGen       total 32768K, used 7528K [0x00000000d1000000, 0x00000000d3000000, 0x00000000f0580000)
  object space 32768K, 22% used [0x00000000d1000000,0x00000000d175a3b8,0x00000000d3000000)
 Metaspace       used 12534K, capacity 12654K, committed 12928K, reserved 1060864K
  class space    used 1554K, capacity 1637K, committed 1664K, reserved 1048576K
}
Event: 3,983 GC heap before
{Heap before GC invocations=5 (full 0):
 PSYoungGen      total 51200K, used 51200K [0x00000000f0580000, 0x00000000f3980000, 0x0000000100000000)
  eden space 49152K, 100% used [0x00000000f0580000,0x00000000f3580000,0x00000000f3580000)
  from space 2048K, 100% used [0x00000000f3780000,0x00000000f3980000,0x00000000f3980000)
  to   space 2048K, 0% used [0x00000000f3580000,0x00000000f3580000,0x00000000f3780000)
 ParOldGen       total 32768K, used 7528K [0x00000000d1000000, 0x00000000d3000000, 0x00000000f0580000)
  object space 32768K, 22% used [0x00000000d1000000,0x00000000d175a3b8,0x00000000d3000000)
 Metaspace       used 16089K, capacity 16370K, committed 16640K, reserved 1064960K
  class space    used 1919K, capacity 2009K, committed 2048K, reserved 1048576K
Event: 4,008 GC heap after
Heap after GC invocations=5 (full 0):
 PSYoungGen      total 51200K, used 2032K [0x00000000f0580000, 0x00000000f7480000, 0x0000000100000000)
  eden space 49152K, 0% used [0x00000000f0580000,0x00000000f0580000,0x00000000f3580000)
  from space 2048K, 99% used [0x00000000f3580000,0x00000000f377c010,0x00000000f3780000)
  to   space 7680K, 0% used [0x00000000f6d00000,0x00000000f6d00000,0x00000000f7480000)
 ParOldGen       total 32768K, used 12172K [0x00000000d1000000, 0x00000000d3000000, 0x00000000f0580000)
  object space 32768K, 37% used [0x00000000d1000000,0x00000000d1be31c0,0x00000000d3000000)
 Metaspace       used 16089K, capacity 16370K, committed 16640K, reserved 1064960K
  class space    used 1919K, capacity 2009K, committed 2048K, reserved 1048576K
}
Event: 5,275 GC heap before
{Heap before GC invocations=6 (full 0):
 PSYoungGen      total 51200K, used 51184K [0x00000000f0580000, 0x00000000f7480000, 0x0000000100000000)
  eden space 49152K, 100% used [0x00000000f0580000,0x00000000f3580000,0x00000000f3580000)
  from space 2048K, 99% used [0x00000000f3580000,0x00000000f377c010,0x00000000f3780000)
  to   space 7680K, 0% used [0x00000000f6d00000,0x00000000f6d00000,0x00000000f7480000)
 ParOldGen       total 32768K, used 12172K [0x00000000d1000000, 0x00000000d3000000, 0x00000000f0580000)
  object space 32768K, 37% used [0x00000000d1000000,0x00000000d1be31c0,0x00000000d3000000)
 Metaspace       used 17327K, capacity 17754K, committed 18048K, reserved 1064960K
  class space    used 2038K, capacity 2165K, committed 2176K, reserved 1048576K
Event: 5,291 GC heap after
Heap after GC invocations=6 (full 0):
 PSYoungGen      total 105984K, used 5416K [0x00000000f0580000, 0x00000000f7480000, 0x0000000100000000)
  eden space 98304K, 0% used [0x00000000f0580000,0x00000000f0580000,0x00000000f6580000)
  from space 7680K, 70% used [0x00000000f6d00000,0x00000000f724a260,0x00000000f7480000)
  to   space 7680K, 0% used [0x00000000f6580000,0x00000000f6580000,0x00000000f6d00000)
 ParOldGen       total 32768K, used 12172K [0x00000000d1000000, 0x00000000d3000000, 0x00000000f0580000)
  object space 32768K, 37% used [0x00000000d1000000,0x00000000d1be31c0,0x00000000d3000000)
 Metaspace       used 17327K, capacity 17754K, committed 18048K, reserved 1064960K
  class space    used 2038K, capacity 2165K, committed 2176K, reserved 1048576K
}
Event: 6,315 GC heap before
{Heap before GC invocations=7 (full 0):
 PSYoungGen      total 105984K, used 42684K [0x00000000f0580000, 0x00000000f7480000, 0x0000000100000000)
  eden space 98304K, 37% used [0x00000000f0580000,0x00000000f29e4f60,0x00000000f6580000)
  from space 7680K, 70% used [0x00000000f6d00000,0x00000000f724a260,0x00000000f7480000)
  to   space 7680K, 0% used [0x00000000f6580000,0x00000000f6580000,0x00000000f6d00000)
 ParOldGen       total 32768K, used 12172K [0x00000000d1000000, 0x00000000d3000000, 0x00000000f0580000)
  object space 32768K, 37% used [0x00000000d1000000,0x00000000d1be31c0,0x00000000d3000000)
 Metaspace       used 20749K, capacity 21238K, committed 21296K, reserved 1069056K
  class space    used 2480K, capacity 2600K, committed 2608K, reserved 1048576K

Deoptimization events (10 events):
Event: 3,897 Thread 0x00007f10d400a000 Uncommon trap: reason=unstable_if action=reinterpret pc=0x00007f10c45d26c4 method=java.util.HashMap.hash(Ljava/lang/Object;)I @ 1
Event: 4,647 Thread 0x00007f10d400a000 Uncommon trap: reason=unstable_if action=reinterpret pc=0x00007f10c4500560 method=java.util.HashMap.getNode(ILjava/lang/Object;)Ljava/util/HashMap$Node; @ 53
Event: 5,044 Thread 0x00007f10d400a000 Uncommon trap: reason=speculate_class_check action=maybe_recompile pc=0x00007f10c48acbe0 method=java.nio.charset.CharsetDecoder.decode(Ljava/nio/ByteBuffer;Ljava/nio/CharBuffer;Z)Ljava/nio/charset/CoderResult; @ 57
Event: 5,045 Thread 0x00007f10d400a000 Uncommon trap: reason=speculate_class_check action=maybe_recompile pc=0x00007f10c48acbe0 method=java.nio.charset.CharsetDecoder.decode(Ljava/nio/ByteBuffer;Ljava/nio/CharBuffer;Z)Ljava/nio/charset/CoderResult; @ 57
Event: 5,045 Thread 0x00007f10d400a000 Uncommon trap: reason=speculate_class_check action=maybe_recompile pc=0x00007f10c48acbe0 method=java.nio.charset.CharsetDecoder.decode(Ljava/nio/ByteBuffer;Ljava/nio/CharBuffer;Z)Ljava/nio/charset/CoderResult; @ 57
Event: 5,045 Thread 0x00007f10d400a000 Uncommon trap: reason=speculate_class_check action=maybe_recompile pc=0x00007f10c48acbe0 method=java.nio.charset.CharsetDecoder.decode(Ljava/nio/ByteBuffer;Ljava/nio/CharBuffer;Z)Ljava/nio/charset/CoderResult; @ 57
Event: 5,046 Thread 0x00007f10d400a000 Uncommon trap: reason=speculate_class_check action=maybe_recompile pc=0x00007f10c482ffb4 method=java.nio.charset.CharsetDecoder.decode(Ljava/nio/ByteBuffer;Ljava/nio/CharBuffer;Z)Ljava/nio/charset/CoderResult; @ 57
Event: 5,046 Thread 0x00007f10d400a000 Uncommon trap: reason=speculate_class_check action=maybe_recompile pc=0x00007f10c482ffb4 method=java.nio.charset.CharsetDecoder.decode(Ljava/nio/ByteBuffer;Ljava/nio/CharBuffer;Z)Ljava/nio/charset/CoderResult; @ 57
Event: 5,432 Thread 0x00007f10d400a000 Uncommon trap: reason=null_check action=make_not_entrant pc=0x00007f10c495b700 method=org.apache.maven.model.io.xpp3.MavenXpp3Reader.checkFieldWithDuplicate(Lorg/codehaus/plexus/util/xml/pull/XmlPullParser;Ljava/lang/String;Ljava/lang/String;Ljava/util/Se
Event: 5,989 Thread 0x00007f10d400a000 Uncommon trap: reason=predicate action=maybe_recompile pc=0x00007f10c4845d50 method=sun.misc.Resource.getBytes()[B @ 53

Internal exceptions (10 events):
Event: 3,180 Thread 0x00007f10d400a000 Exception <a 'java/lang/NullPointerException'> (0x00000000f1d072a8) thrown at [/build/openjdk-8-ugc2Ph/openjdk-8-8u131-b11/src/hotspot/src/share/vm/interpreter/linkResolver.cpp, line 1197]
Event: 3,180 Thread 0x00007f10d400a000 Exception <a 'java/lang/NullPointerException'> (0x00000000f1d074c0) thrown at [/build/openjdk-8-ugc2Ph/openjdk-8-8u131-b11/src/hotspot/src/share/vm/interpreter/linkResolver.cpp, line 1197]
Event: 3,180 Thread 0x00007f10d400a000 Exception <a 'java/lang/NullPointerException'> (0x00000000f1d076d8) thrown at [/build/openjdk-8-ugc2Ph/openjdk-8-8u131-b11/src/hotspot/src/share/vm/interpreter/linkResolver.cpp, line 1197]
Event: 3,181 Thread 0x00007f10d400a000 Exception <a 'java/lang/NullPointerException'> (0x00000000f1d0e2c0) thrown at [/build/openjdk-8-ugc2Ph/openjdk-8-8u131-b11/src/hotspot/src/share/vm/interpreter/linkResolver.cpp, line 1197]
Event: 3,181 Thread 0x00007f10d400a000 Exception <a 'java/lang/NullPointerException'> (0x00000000f1d0e4d8) thrown at [/build/openjdk-8-ugc2Ph/openjdk-8-8u131-b11/src/hotspot/src/share/vm/interpreter/linkResolver.cpp, line 1197]
Event: 3,181 Thread 0x00007f10d400a000 Exception <a 'java/lang/NullPointerException'> (0x00000000f1d0e6f0) thrown at [/build/openjdk-8-ugc2Ph/openjdk-8-8u131-b11/src/hotspot/src/share/vm/interpreter/linkResolver.cpp, line 1197]
Event: 3,686 Thread 0x00007f10d400a000 Implicit null exception at 0x00007f10c44319b5 to 0x00007f10c4431bbd
Event: 3,897 Thread 0x00007f10d400a000 Implicit null exception at 0x00007f10c45d20bb to 0x00007f10c45d26a9
Event: 5,432 Thread 0x00007f10d400a000 Implicit null exception at 0x00007f10c495a2ed to 0x00007f10c495b6f1
Event: 5,985 Thread 0x00007f10d400a000 Exception <a 'java/lang/ClassNotFoundException': com/sun/tools/javac/api/JavacTool> (0x00000000f1fb89e0) thrown at [/build/openjdk-8-ugc2Ph/openjdk-8-8u131-b11/src/hotspot/src/share/vm/classfile/systemDictionary.cpp, line 210]

Events (10 events):
Event: 6,311 loading class com/sun/tools/javac/comp/Attr$8 done
Event: 6,312 loading class com/sun/tools/javac/comp/Attr$RecoveryInfo
Event: 6,312 loading class com/sun/tools/javac/comp/Attr$RecoveryInfo done
Event: 6,313 loading class com/sun/tools/javac/comp/Attr$14
Event: 6,313 loading class com/sun/tools/javac/comp/Attr$14 done
Event: 6,313 loading class com/sun/tools/javac/comp/Attr$IdentAttributer
Event: 6,313 loading class com/sun/tools/javac/comp/Attr$IdentAttributer done
Event: 6,313 loading class com/sun/source/util/SimpleTreeVisitor
Event: 6,313 loading class com/sun/source/util/SimpleTreeVisitor done
Event: 6,313 Executing VM operation: CollectForMetadataAllocation


Dynamic libraries:
d1000000-d3000000 rw-p 00000000 00:00 0 
d3000000-f0580000 ---p 00000000 00:00 0 
f0580000-f7480000 rw-p 00000000 00:00 0 
fd580000-100000000 ---p 00000000 00:00 0 
100000000-10028c000 rw-p 00000000 00:00 0 
10028c000-140000000 ---p 00000000 00:00 0 
562ecc8fc000-562ecc8fd000 r-xp 00000000 08:01 662676                     /usr/lib/jvm/java-8-openjdk-amd64/jre/bin/java
562eccafc000-562eccafd000 r--p 00000000 08:01 662676                     /usr/lib/jvm/java-8-openjdk-amd64/jre/bin/java
562eccafd000-562eccafe000 rw-p 00001000 08:01 662676                     /usr/lib/jvm/java-8-openjdk-amd64/jre/bin/java
562ecdb9c000-562ecdbbd000 rw-p 00000000 00:00 0                          [heap]
7f108c000000-7f108c021000 rw-p 00000000 00:00 0 
7f108c021000-7f1090000000 ---p 00000000 00:00 0 
7f1094000000-7f1095037000 rw-p 00000000 00:00 0 
7f1095037000-7f1098000000 ---p 00000000 00:00 0 
7f1098000000-7f1098021000 rw-p 00000000 00:00 0 
7f1098021000-7f109c000000 ---p 00000000 00:00 0 
7f109c000000-7f109c021000 rw-p 00000000 00:00 0 
7f109c021000-7f10a0000000 ---p 00000000 00:00 0 
7f10a0000000-7f10a16fe000 rw-p 00000000 00:00 0 
7f10a16fe000-7f10a4000000 ---p 00000000 00:00 0 
7f10a4000000-7f10a4021000 rw-p 00000000 00:00 0 
7f10a4021000-7f10a8000000 ---p 00000000 00:00 0 
7f10a8000000-7f10a8021000 rw-p 00000000 00:00 0 
7f10a8021000-7f10ac000000 ---p 00000000 00:00 0 
7f10ac000000-7f10ac277000 rw-p 00000000 00:00 0 
7f10ac277000-7f10b0000000 ---p 00000000 00:00 0 
7f10b2048000-7f10b3940000 rw-p 00000000 00:00 0 
7f10b4000000-7f10b4021000 rw-p 00000000 00:00 0 
7f10b4021000-7f10b8000000 ---p 00000000 00:00 0 
7f10b8fff000-7f10bc000000 rw-p 00000000 00:00 0 
7f10bc000000-7f10bc021000 rw-p 00000000 00:00 0 
7f10bc021000-7f10c0000000 ---p 00000000 00:00 0 
7f10c0771000-7f10c07b1000 rw-p 00000000 00:00 0 
7f10c07b1000-7f10c0971000 ---p 00000000 00:00 0 
7f10c0971000-7f10c0b71000 rw-p 00000000 00:00 0 
7f10c0b71000-7f10c0b75000 r--s 00034000 08:01 145214                     /home/novabase/.m2/repository/org/codehaus/plexus/plexus-utils/3.0/plexus-utils-3.0.jar
7f10c0b75000-7f10c0b77000 r--s 00005000 08:01 540240                     /home/novabase/.m2/repository/org/apache/maven/plugins/maven-clean-plugin/2.5/maven-clean-plugin-2.5.jar
7f10c0cc9000-7f10c0d42000 r--s 010fd000 08:01 662744                     /usr/lib/jvm/java-8-openjdk-amd64/lib/tools.jar
7f10c0d42000-7f10c0d43000 r--s 00004000 08:01 157418                     /home/novabase/.m2/repository/org/codehaus/plexus/plexus-compiler-javac/2.8.1/plexus-compiler-javac-2.8.1.jar
7f10c0d43000-7f10c0d45000 r--s 00000000 08:01 157416                     /home/novabase/.m2/repository/org/codehaus/plexus/plexus-compiler-manager/2.8.1/plexus-compiler-manager-2.8.1.jar
7f10c0d45000-7f10c0d47000 r--s 00005000 08:01 157414                     /home/novabase/.m2/repository/org/codehaus/plexus/plexus-compiler-api/2.8.1/plexus-compiler-api-2.8.1.jar
7f10c0d47000-7f10c0d4e000 r--s 00046000 08:01 1310804                    /home/novabase/.m2/repository/com/thoughtworks/qdox/qdox/2.0-M5/qdox-2.0-M5.jar
7f10c0d4e000-7f10c0d50000 r--s 0000c000 08:01 1068278                    /home/novabase/.m2/repository/org/ow2/asm/asm/6.0_ALPHA/asm-6.0_ALPHA.jar
7f10c0d50000-7f10c0d52000 r--s 00002000 08:01 144906                     /home/novabase/.m2/repository/org/apache/maven/shared/maven-shared-incremental/1.1/maven-shared-incremental-1.1.jar
7f10c0d52000-7f10c0d55000 r--s 00025000 08:01 1068276                    /home/novabase/.m2/repository/org/apache/maven/shared/maven-shared-utils/3.1.0/maven-shared-utils-3.1.0.jar
7f10c0d55000-7f10c0d57000 r--s 0000d000 08:01 144898                     /home/novabase/.m2/repository/org/codehaus/plexus/plexus-interpolation/1.14/plexus-interpolation-1.14.jar
7f10c0d57000-7f10c0d5b000 r--s 00033000 08:01 144896                     /home/novabase/.m2/repository/org/codehaus/plexus/plexus-utils/2.0.4/plexus-utils-2.0.4.jar
7f10c0d5b000-7f10c0d5d000 r--s 0000d000 08:01 1068265                    /home/novabase/.m2/repository/org/apache/maven/plugins/maven-compiler-plugin/3.6.1/maven-compiler-plugin-3.6.1.jar
7f10c0d5d000-7f10c0d60000 r--s 00011000 08:01 144600                     /home/novabase/.m2/repository/org/codehaus/plexus/plexus-interpolation/1.24/plexus-interpolation-1.24.jar
7f10c0d60000-7f10c0d64000 r--s 0002f000 08:01 667607                     /home/novabase/.m2/repository/commons-io/commons-io/2.5/commons-io-2.5.jar
7f10c0d64000-7f10c0d66000 r--s 00001000 08:01 144641                     /home/novabase/.m2/repository/org/sonatype/plexus/plexus-build-api/0.0.7/plexus-build-api-0.0.7.jar
7f10c0d66000-7f10c0d68000 r--s 00006000 08:01 667604                     /home/novabase/.m2/repository/com/google/code/findbugs/jsr305/2.0.1/jsr305-2.0.1.jar
7f10c0d68000-7f10c0d6b000 r--s 00023000 08:01 144638                     /home/novabase/.m2/repository/org/apache/maven/shared/maven-shared-utils/3.0.0/maven-shared-utils-3.0.0.jar
7f10c0d6b000-7f10c0d6d000 r--s 0000b000 08:01 144637                     /home/novabase/.m2/repository/org/apache/maven/shared/maven-filtering/3.1.1/maven-filtering-3.1.1.jar
7f10c0d6d000-7f10c0d71000 r--s 00039000 08:01 144636                     /home/novabase/.m2/repository/org/codehaus/plexus/plexus-utils/3.0.24/plexus-utils-3.0.24.jar
7f10c0d71000-7f10c0d73000 r--s 00002000 08:01 144629                     /home/novabase/.m2/repository/org/sonatype/plexus/plexus-cipher/1.4/plexus-cipher-1.4.jar
7f10c0d73000-7f10c0d74000 r--s 00006000 08:01 144628                     /home/novabase/.m2/repository/org/sonatype/plexus/plexus-sec-dispatcher/1.3/plexus-sec-dispatcher-1.3.jar
7f10c0d74000-7f10c0d76000 r--s 00000000 08:01 144627                     /home/novabase/.m2/repository/org/codehaus/plexus/plexus-component-annotations/1.6/plexus-component-annotations-1.6.jar
7f10c0d76000-7f10c0d7a000 r--s 00017000 08:01 144621                     /home/novabase/.m2/repository/org/sonatype/aether/aether-util/1.7/aether-util-1.7.jar
7f10c0d7a000-7f10c0d85000 r--s 00069000 08:01 144601                     /home/novabase/.m2/repository/org/sonatype/sisu/sisu-guice/2.1.7/sisu-guice-2.1.7-noaop.jar
7f10c0d85000-7f10c0d8a000 r--s 00021000 08:01 144597                     /home/novabase/.m2/repository/org/sonatype/sisu/sisu-inject-bean/1.4.2/sisu-inject-bean-1.4.2.jar
7f10c0d8a000-7f10c0d8b000 r--s 00007000 08:01 540198                     /home/novabase/.m2/repository/org/apache/maven/plugins/maven-resources-plugin/3.0.2/maven-resources-plugin-3.0.2.jar
7f10c0d8b000-7f10c0f8b000 rw-p 00000000 00:00 0 
7f10c0f8b000-7f10c0f9c000 r-xp 00000000 08:01 790191                     /usr/lib/jvm/java-8-openjdk-amd64/jre/lib/amd64/libnio.so
7f10c0f9c000-7f10c119c000 ---p 00011000 08:01 790191                     /usr/lib/jvm/java-8-openjdk-amd64/jre/lib/amd64/libnio.so
7f10c119c000-7f10c119d000 r--p 00011000 08:01 790191                     /usr/lib/jvm/java-8-openjdk-amd64/jre/lib/amd64/libnio.so
7f10c119d000-7f10c119e000 rw-p 00012000 08:01 790191                     /usr/lib/jvm/java-8-openjdk-amd64/jre/lib/amd64/libnio.so
7f10c119e000-7f10c11b5000 r-xp 00000000 08:01 790190                     /usr/lib/jvm/java-8-openjdk-amd64/jre/lib/amd64/libnet.so
7f10c11b5000-7f10c13b4000 ---p 00017000 08:01 790190                     /usr/lib/jvm/java-8-openjdk-amd64/jre/lib/amd64/libnet.so
7f10c13b4000-7f10c13b5000 r--p 00016000 08:01 790190                     /usr/lib/jvm/java-8-openjdk-amd64/jre/lib/amd64/libnet.so
7f10c13b5000-7f10c13b6000 rw-p 00017000 08:01 790190                     /usr/lib/jvm/java-8-openjdk-amd64/jre/lib/amd64/libnet.so
7f10c13b6000-7f10c13bb000 r--s 0009a000 08:01 792814                     /usr/lib/jvm/java-8-openjdk-amd64/jre/lib/jsse.jar
7f10c13bb000-7f10c15bb000 rw-p 00000000 00:00 0 
7f10c15bb000-7f10c17bb000 rw-p 00000000 00:00 0 
7f10c17bb000-7f10c19bb000 rw-p 00000000 00:00 0 
7f10c19bb000-7f10c19bf000 r--s 00038000 08:01 1340226                    /usr/share/java/plexus-utils2.jar
7f10c19bf000-7f10c19c1000 r--s 00005000 08:01 1340021                    /usr/share/java/eclipse-aether-transport-wagon.jar
7f10c19c1000-7f10c19c4000 r--s 0000a000 08:01 1340302                    /usr/share/java/maven3-artifact-3.3.9.jar
7f10c19c4000-7f10c19c5000 r--s 00000000 08:01 1339681                    /usr/share/java/geronimo-interceptor-3.0-spec-1.0.1.jar
7f10c19c5000-7f10c19c7000 r--s 00012000 08:01 1339687                    /usr/share/java/el-api-3.0.jar
7f10c19c7000-7f10c19c8000 r--s 00000000 08:01 1339668                    /usr/share/java/atinject-jsr330-api-1.0.jar
7f10c19c8000-7f10c19cb000 r--s 00008000 08:01 1339695                    /usr/share/java/cdi-api-1.0.jar
7f10c19cb000-7f10c19d3000 r--s 00068000 08:01 1339757                    /usr/share/java/commons-lang3.jar
7f10c19d3000-7f10c19d4000 r--s 00004000 08:01 1339667                    /usr/share/java/atinject-jsr330-tck-1.0.jar
7f10c19d4000-7f10c19da000 r--s 0004f000 08:01 1339925                    /usr/share/java/jsoup.jar
7f10c19da000-7f10c19dc000 r--s 00006000 08:01 1340020                    /usr/share/java/eclipse-aether-spi.jar
7f10c19dc000-7f10c19e1000 r--s 0002e000 08:01 1339745                    /usr/share/java/commons-io.jar
7f10c19e1000-7f10c19e3000 r--s 0000a000 08:01 1339713                    /usr/share/java/commons-cli-1.3.1.jar
7f10c19e3000-7f10c19ea000 r--s 00054000 08:01 1340261                    /usr/share/java/sisu-inject.jar
7f10c19ea000-7f10c19ec000 r--s 00001000 08:01 1340038                    /usr/share/java/aopalliance-1.0.jar
7f10c19ec000-7f10c19fa000 r--s 00099000 08:01 1340052                    /usr/share/java/guice.jar
7f10c19fa000-7f10c1a07000 r--s 0008d000 08:01 1340305                    /usr/share/java/maven3-core-3.3.9.jar
7f10c1a07000-7f10c1a0b000 r--s 00020000 08:01 1340023                    /usr/share/java/eclipse-aether-util.jar
7f10c1a0b000-7f10c1a0c000 r--s 00002000 08:01 1339898                    /usr/share/java/slf4j-simple.jar
7f10c1a0c000-7f10c1a0d000 r--s 00001000 08:01 1340273                    /usr/share/java/wagon-file-2.x.jar
7f10c1a0d000-7f10c1a0e000 r--s 00009000 08:01 1339892                    /usr/share/java/slf4j-api.jar
7f10c1a0e000-7f10c1a15000 r--s 0002c000 08:01 1340267                    /usr/share/java/sisu-plexus.jar
7f10c1a15000-7f10c1a17000 r--s 0000a000 08:01 1340303                    /usr/share/java/maven3-plugin-api-3.3.9.jar
7f10c1a17000-7f10c1a1c000 r--s 00040000 08:01 1339751                    /usr/share/java/commons-lang-2.6.jar
7f10c1a1c000-7f10c1a1d000 r--s 00006000 08:01 1340298                    /usr/share/java/maven3-repository-metadata-3.3.9.jar
7f10c1a1d000-7f10c1a1f000 r--s 00002000 08:01 1340158                    /usr/share/java/plexus-cipher.jar
7f10c1a1f000-7f10c1a21000 r--s 00001000 08:01 1340304                    /usr/share/java/maven3-builder-support-3.3.9.jar
7f10c1a21000-7f10c1a23000 r--s 00000000 08:01 1340220                    /usr/share/java/plexus-component-annotations-1.5.jar
7f10c1a23000-7f10c1a4f000 r--s 00208000 08:01 1339938                    /usr/share/java/guava.jar
7f10c1a4f000-7f10c1a50000 r--s 00006000 08:01 1340164                    /usr/share/java/plexus-sec-dispatcher.jar
7f10c1a50000-7f10c1a55000 r--s 00025000 08:01 1340295                    /usr/share/java/maven3-model-builder-3.3.9.jar
7f10c1a55000-7f10c1a56000 r--s 00001000 08:01 1340278                    /usr/share/java/wagon-http-shared-2.x.jar
7f10c1a56000-7f10c1a58000 r--s 0000a000 08:01 1340279                    /usr/share/java/wagon-provider-api-2.x.jar
7f10c1a58000-7f10c1a5a000 r--s 00027000 08:01 1340296                    /usr/share/java/maven3-model-3.3.9.jar
7f10c1a5a000-7f10c1a5e000 r--s 00027000 08:01 1340015                    /usr/share/java/eclipse-aether-impl.jar
7f10c1a5e000-7f10c1a60000 r--s 0000e000 08:01 1339854                    /usr/share/java/plexus-interpolation.jar
7f10c1a60000-7f10c1a63000 r--s 00007000 08:01 1340297                    /usr/share/java/maven3-settings-builder-3.3.9.jar
7f10c1a63000-7f10c1a94000 r--s 00212000 08:01 1340277                    /usr/share/java/wagon-http-shaded-2.x.jar
7f10c1a94000-7f10c1a96000 r--s 00013000 08:01 1340301                    /usr/share/java/maven3-embedder-3.3.9.jar
7f10c1a96000-7f10c1a9b000 r--s 0001d000 08:01 1340022                    /usr/share/java/eclipse-aether-api.jar
7f10c1a9b000-7f10c1aa2000 r--s 00041000 08:01 1340299                    /usr/share/java/maven3-compat-3.3.9.jar
7f10c1aa2000-7f10c1aa4000 r--s 0000d000 08:01 1340294                    /usr/share/java/maven3-aether-provider-3.3.9.jar
7f10c1aa4000-7f10c1aa6000 r--s 0000a000 08:01 1340214                    /usr/share/java/plexus-classworlds2-2.5.2.jar
7f10c1aa6000-7f10c1aa9000 r--s 0000f000 08:01 930681                     /usr/lib/jvm/java-8-openjdk-amd64/jre/lib/ext/icedtea-sound.jar
7f10c1aa9000-7f10c1aae000 r--s 0003b000 08:01 930686                     /usr/lib/jvm/java-8-openjdk-amd64/jre/lib/ext/sunjce_provider.jar
7f10c1aae000-7f10c1ab8000 r--s 00116000 08:01 930683                     /usr/lib/jvm/java-8-openjdk-amd64/jre/lib/ext/localedata.jar
7f10c1ab8000-7f10c1ad3000 r--s 001d6000 08:01 930684                     /usr/lib/jvm/java-8-openjdk-amd64/jre/lib/ext/nashorn.jar
7f10c1ad3000-7f10c1aee000 r--s 00394000 08:01 930679                     /usr/lib/jvm/java-8-openjdk-amd64/jre/lib/ext/cldrdata.jar
7f10c1aee000-7f10c1aef000 ---p 00000000 00:00 0 
7f10c1aef000-7f10c1bef000 rw-p 00000000 00:00 0 
7f10c1bef000-7f10c1bf2000 ---p 00000000 00:00 0 
7f10c1bf2000-7f10c1cf0000 rw-p 00000000 00:00 0 
7f10c1cf0000-7f10c1cf3000 ---p 00000000 00:00 0 
7f10c1cf3000-7f10c1df1000 rw-p 00000000 00:00 0 
7f10c1df1000-7f10c1df4000 ---p 00000000 00:00 0 
7f10c1df4000-7f10c1ef2000 rw-p 00000000 00:00 0 
7f10c1ef2000-7f10c1ef5000 ---p 00000000 00:00 0 
7f10c1ef5000-7f10c1ff3000 rw-p 00000000 00:00 0 
7f10c1ff3000-7f10c22cf000 r--p 00000000 08:01 1184976                    /usr/lib/locale/locale-archive
7f10c22cf000-7f10c22d2000 ---p 00000000 00:00 0 
7f10c22d2000-7f10c23d0000 rw-p 00000000 00:00 0 
7f10c23d0000-7f10c23d3000 ---p 00000000 00:00 0 
7f10c23d3000-7f10c24d1000 rw-p 00000000 00:00 0 
7f10c24d1000-7f10c24d2000 ---p 00000000 00:00 0 
7f10c24d2000-7f10c2efc000 rw-p 00000000 00:00 0 
7f10c2efc000-7f10c30ca000 r--s 03c13000 08:01 792819                     /usr/lib/jvm/java-8-openjdk-amd64/jre/lib/rt.jar
7f10c30ca000-7f10c3940000 rw-p 00000000 00:00 0 
7f10c3940000-7f10c3941000 ---p 00000000 00:00 0 
7f10c3941000-7f10c3a41000 rw-p 00000000 00:00 0 
7f10c3a41000-7f10c3a42000 ---p 00000000 00:00 0 
7f10c3a42000-7f10c3b52000 rw-p 00000000 00:00 0 
7f10c3b52000-7f10c3c3d000 ---p 00000000 00:00 0 
7f10c3c3d000-7f10c3c4d000 rw-p 00000000 00:00 0 
7f10c3c4d000-7f10c3d37000 ---p 00000000 00:00 0 
7f10c3d37000-7f10c3d70000 rw-p 00000000 00:00 0 
7f10c3d70000-7f10c3db5000 ---p 00000000 00:00 0 
7f10c3db5000-7f10c3dda000 rw-p 00000000 00:00 0 
7f10c3dda000-7f10c4176000 ---p 00000000 00:00 0 
7f10c4176000-7f10c4a66000 rwxp 00000000 00:00 0 
7f10c4a66000-7f10d3176000 ---p 00000000 00:00 0 
7f10d3176000-7f10d317e000 r-xp 00000000 08:01 790198                     /usr/lib/jvm/java-8-openjdk-amd64/jre/lib/amd64/libzip.so
7f10d317e000-7f10d337d000 ---p 00008000 08:01 790198                     /usr/lib/jvm/java-8-openjdk-amd64/jre/lib/amd64/libzip.so
7f10d337d000-7f10d337e000 r--p 00007000 08:01 790198                     /usr/lib/jvm/java-8-openjdk-amd64/jre/lib/amd64/libzip.so
7f10d337e000-7f10d337f000 rw-p 00008000 08:01 790198                     /usr/lib/jvm/java-8-openjdk-amd64/jre/lib/amd64/libzip.so
7f10d337f000-7f10d338a000 r-xp 00000000 08:01 917551                     /lib/x86_64-linux-gnu/libnss_files-2.24.so
7f10d338a000-7f10d3589000 ---p 0000b000 08:01 917551                     /lib/x86_64-linux-gnu/libnss_files-2.24.so
7f10d3589000-7f10d358a000 r--p 0000a000 08:01 917551                     /lib/x86_64-linux-gnu/libnss_files-2.24.so
7f10d358a000-7f10d358b000 rw-p 0000b000 08:01 917551                     /lib/x86_64-linux-gnu/libnss_files-2.24.so
7f10d358b000-7f10d3591000 rw-p 00000000 00:00 0 
7f10d3591000-7f10d359c000 r-xp 00000000 08:01 917553                     /lib/x86_64-linux-gnu/libnss_nis-2.24.so
7f10d359c000-7f10d379b000 ---p 0000b000 08:01 917553                     /lib/x86_64-linux-gnu/libnss_nis-2.24.so
7f10d379b000-7f10d379c000 r--p 0000a000 08:01 917553                     /lib/x86_64-linux-gnu/libnss_nis-2.24.so
7f10d379c000-7f10d379d000 rw-p 0000b000 08:01 917553                     /lib/x86_64-linux-gnu/libnss_nis-2.24.so
7f10d379d000-7f10d37b3000 r-xp 00000000 08:01 917548                     /lib/x86_64-linux-gnu/libnsl-2.24.so
7f10d37b3000-7f10d39b2000 ---p 00016000 08:01 917548                     /lib/x86_64-linux-gnu/libnsl-2.24.so
7f10d39b2000-7f10d39b3000 r--p 00015000 08:01 917548                     /lib/x86_64-linux-gnu/libnsl-2.24.so
7f10d39b3000-7f10d39b4000 rw-p 00016000 08:01 917548                     /lib/x86_64-linux-gnu/libnsl-2.24.so
7f10d39b4000-7f10d39b6000 rw-p 00000000 00:00 0 
7f10d39b6000-7f10d39be000 r-xp 00000000 08:01 917549                     /lib/x86_64-linux-gnu/libnss_compat-2.24.so
7f10d39be000-7f10d3bbd000 ---p 00008000 08:01 917549                     /lib/x86_64-linux-gnu/libnss_compat-2.24.so
7f10d3bbd000-7f10d3bbe000 r--p 00007000 08:01 917549                     /lib/x86_64-linux-gnu/libnss_compat-2.24.so
7f10d3bbe000-7f10d3bbf000 rw-p 00008000 08:01 917549                     /lib/x86_64-linux-gnu/libnss_compat-2.24.so
7f10d3bbf000-7f10d3bec000 r-xp 00000000 08:01 790179                     /usr/lib/jvm/java-8-openjdk-amd64/jre/lib/amd64/libjava.so
7f10d3bec000-7f10d3deb000 ---p 0002d000 08:01 790179                     /usr/lib/jvm/java-8-openjdk-amd64/jre/lib/amd64/libjava.so
7f10d3deb000-7f10d3dec000 r--p 0002c000 08:01 790179                     /usr/lib/jvm/java-8-openjdk-amd64/jre/lib/amd64/libjava.so
7f10d3dec000-7f10d3dee000 rw-p 0002d000 08:01 790179                     /usr/lib/jvm/java-8-openjdk-amd64/jre/lib/amd64/libjava.so
7f10d3dee000-7f10d3dfd000 r-xp 00000000 08:01 790197                     /usr/lib/jvm/java-8-openjdk-amd64/jre/lib/amd64/libverify.so
7f10d3dfd000-7f10d3ffd000 ---p 0000f000 08:01 790197                     /usr/lib/jvm/java-8-openjdk-amd64/jre/lib/amd64/libverify.so
7f10d3ffd000-7f10d3fff000 r--p 0000f000 08:01 790197                     /usr/lib/jvm/java-8-openjdk-amd64/jre/lib/amd64/libverify.so
7f10d3fff000-7f10d4000000 rw-p 00011000 08:01 790197                     /usr/lib/jvm/java-8-openjdk-amd64/jre/lib/amd64/libverify.so
7f10d4000000-7f10d4cec000 rw-p 00000000 00:00 0 
7f10d4cec000-7f10d8000000 ---p 00000000 00:00 0 
7f10d8000000-7f10d8001000 r--s 00008000 08:01 1340018                    /usr/share/java/eclipse-aether-connector-basic.jar
7f10d8001000-7f10d8043000 rw-p 00000000 00:00 0 
7f10d8043000-7f10d804a000 r-xp 00000000 08:01 922898                     /lib/x86_64-linux-gnu/librt-2.24.so
7f10d804a000-7f10d8249000 ---p 00007000 08:01 922898                     /lib/x86_64-linux-gnu/librt-2.24.so
7f10d8249000-7f10d824a000 r--p 00006000 08:01 922898                     /lib/x86_64-linux-gnu/librt-2.24.so
7f10d824a000-7f10d824b000 rw-p 00007000 08:01 922898                     /lib/x86_64-linux-gnu/librt-2.24.so
7f10d824b000-7f10d8261000 r-xp 00000000 08:01 923076                     /lib/x86_64-linux-gnu/libgcc_s.so.1
7f10d8261000-7f10d8460000 ---p 00016000 08:01 923076                     /lib/x86_64-linux-gnu/libgcc_s.so.1
7f10d8460000-7f10d8461000 r--p 00015000 08:01 923076                     /lib/x86_64-linux-gnu/libgcc_s.so.1
7f10d8461000-7f10d8462000 rw-p 00016000 08:01 923076                     /lib/x86_64-linux-gnu/libgcc_s.so.1
7f10d8462000-7f10d856a000 r-xp 00000000 08:01 917545                     /lib/x86_64-linux-gnu/libm-2.24.so
7f10d856a000-7f10d8769000 ---p 00108000 08:01 917545                     /lib/x86_64-linux-gnu/libm-2.24.so
7f10d8769000-7f10d876a000 r--p 00107000 08:01 917545                     /lib/x86_64-linux-gnu/libm-2.24.so
7f10d876a000-7f10d876b000 rw-p 00108000 08:01 917545                     /lib/x86_64-linux-gnu/libm-2.24.so
7f10d876b000-7f10d88e4000 r-xp 00000000 08:01 1186287                    /usr/lib/x86_64-linux-gnu/libstdc++.so.6.0.22
7f10d88e4000-7f10d8ae3000 ---p 00179000 08:01 1186287                    /usr/lib/x86_64-linux-gnu/libstdc++.so.6.0.22
7f10d8ae3000-7f10d8aed000 r--p 00178000 08:01 1186287                    /usr/lib/x86_64-linux-gnu/libstdc++.so.6.0.22
7f10d8aed000-7f10d8aef000 rw-p 00182000 08:01 1186287                    /usr/lib/x86_64-linux-gnu/libstdc++.so.6.0.22
7f10d8aef000-7f10d8af3000 rw-p 00000000 00:00 0 
7f10d8af3000-7f10d974d000 r-xp 00000000 08:01 790201                     /usr/lib/jvm/java-8-openjdk-amd64/jre/lib/amd64/server/libjvm.so
7f10d974d000-7f10d994c000 ---p 00c5a000 08:01 790201                     /usr/lib/jvm/java-8-openjdk-amd64/jre/lib/amd64/server/libjvm.so
7f10d994c000-7f10d99df000 r--p 00c59000 08:01 790201                     /usr/lib/jvm/java-8-openjdk-amd64/jre/lib/amd64/server/libjvm.so
7f10d99df000-7f10d9a08000 rw-p 00cec000 08:01 790201                     /usr/lib/jvm/java-8-openjdk-amd64/jre/lib/amd64/server/libjvm.so
7f10d9a08000-7f10d9a38000 rw-p 00000000 00:00 0 
7f10d9a38000-7f10d9a50000 r-xp 00000000 08:01 922554                     /lib/x86_64-linux-gnu/libpthread-2.24.so
7f10d9a50000-7f10d9c50000 ---p 00018000 08:01 922554                     /lib/x86_64-linux-gnu/libpthread-2.24.so
7f10d9c50000-7f10d9c51000 r--p 00018000 08:01 922554                     /lib/x86_64-linux-gnu/libpthread-2.24.so
7f10d9c51000-7f10d9c52000 rw-p 00019000 08:01 922554                     /lib/x86_64-linux-gnu/libpthread-2.24.so
7f10d9c52000-7f10d9c56000 rw-p 00000000 00:00 0 
7f10d9c56000-7f10d9c59000 r-xp 00000000 08:01 917544                     /lib/x86_64-linux-gnu/libdl-2.24.so
7f10d9c59000-7f10d9e58000 ---p 00003000 08:01 917544                     /lib/x86_64-linux-gnu/libdl-2.24.so
7f10d9e58000-7f10d9e59000 r--p 00002000 08:01 917544                     /lib/x86_64-linux-gnu/libdl-2.24.so
7f10d9e59000-7f10d9e5a000 rw-p 00003000 08:01 917544                     /lib/x86_64-linux-gnu/libdl-2.24.so
7f10d9e5a000-7f10d9e75000 r-xp 00000000 08:01 923213                     /lib/x86_64-linux-gnu/libz.so.1.2.11
7f10d9e75000-7f10da074000 ---p 0001b000 08:01 923213                     /lib/x86_64-linux-gnu/libz.so.1.2.11
7f10da074000-7f10da075000 r--p 0001a000 08:01 923213                     /lib/x86_64-linux-gnu/libz.so.1.2.11
7f10da075000-7f10da076000 rw-p 0001b000 08:01 923213                     /lib/x86_64-linux-gnu/libz.so.1.2.11
7f10da076000-7f10da234000 r-xp 00000000 08:01 917541                     /lib/x86_64-linux-gnu/libc-2.24.so
7f10da234000-7f10da433000 ---p 001be000 08:01 917541                     /lib/x86_64-linux-gnu/libc-2.24.so
7f10da433000-7f10da437000 r--p 001bd000 08:01 917541                     /lib/x86_64-linux-gnu/libc-2.24.so
7f10da437000-7f10da439000 rw-p 001c1000 08:01 917541                     /lib/x86_64-linux-gnu/libc-2.24.so
7f10da439000-7f10da43d000 rw-p 00000000 00:00 0 
7f10da43d000-7f10da44a000 r-xp 00000000 08:01 790165                     /usr/lib/jvm/java-8-openjdk-amd64/jre/lib/amd64/jli/libjli.so
7f10da44a000-7f10da64a000 ---p 0000d000 08:01 790165                     /usr/lib/jvm/java-8-openjdk-amd64/jre/lib/amd64/jli/libjli.so
7f10da64a000-7f10da64b000 r--p 0000d000 08:01 790165                     /usr/lib/jvm/java-8-openjdk-amd64/jre/lib/amd64/jli/libjli.so
7f10da64b000-7f10da64c000 rw-p 0000e000 08:01 790165                     /usr/lib/jvm/java-8-openjdk-amd64/jre/lib/amd64/jli/libjli.so
7f10da64c000-7f10da672000 r-xp 00000000 08:01 917518                     /lib/x86_64-linux-gnu/ld-2.24.so
7f10da672000-7f10da674000 r--s 00007000 08:01 1319769                    /usr/share/java/java-atk-wrapper.jar
7f10da674000-7f10da676000 r--s 00001000 08:01 930680                     /usr/lib/jvm/java-8-openjdk-amd64/jre/lib/ext/dnsns.jar
7f10da676000-7f10da756000 rw-p 00000000 00:00 0 
7f10da756000-7f10da759000 ---p 00000000 00:00 0 
7f10da759000-7f10da85b000 rw-p 00000000 00:00 0 
7f10da85b000-7f10da85c000 r--s 0000a000 08:01 1340300                    /usr/share/java/maven3-settings-3.3.9.jar
7f10da85c000-7f10da85d000 r--s 00010000 08:01 930688                     /usr/lib/jvm/java-8-openjdk-amd64/jre/lib/ext/zipfs.jar
7f10da85d000-7f10da861000 r--s 00037000 08:01 930687                     /usr/lib/jvm/java-8-openjdk-amd64/jre/lib/ext/sunpkcs11.jar
7f10da861000-7f10da862000 r--s 0000a000 08:01 930682                     /usr/lib/jvm/java-8-openjdk-amd64/jre/lib/ext/jaccess.jar
7f10da862000-7f10da864000 r--s 00008000 08:01 930685                     /usr/lib/jvm/java-8-openjdk-amd64/jre/lib/ext/sunec.jar
7f10da864000-7f10da86c000 rw-s 00000000 08:01 1068404                    /tmp/hsperfdata_novabase/6998
7f10da86c000-7f10da86d000 rw-p 00000000 00:00 0 
7f10da86d000-7f10da86e000 ---p 00000000 00:00 0 
7f10da86e000-7f10da871000 rw-p 00000000 00:00 0 
7f10da871000-7f10da872000 r--p 00025000 08:01 917518                     /lib/x86_64-linux-gnu/ld-2.24.so
7f10da872000-7f10da873000 rw-p 00026000 08:01 917518                     /lib/x86_64-linux-gnu/ld-2.24.so
7f10da873000-7f10da874000 rw-p 00000000 00:00 0 
7ffe0c79f000-7ffe0c7c0000 rw-p 00000000 00:00 0                          [stack]
7ffe0c7c0000-7ffe0c7c2000 r--p 00000000 00:00 0                          [vvar]
7ffe0c7c2000-7ffe0c7c4000 r-xp 00000000 00:00 0                          [vdso]
ffffffffff600000-ffffffffff601000 r-xp 00000000 00:00 0                  [vsyscall]

VM Arguments:
jvm_args: -Dclassworlds.conf=/usr/share/maven/bin/m2.conf -Dmaven.home=/usr/share/maven -Dmaven.multiModuleProjectDirectory=/home/novabase/java-bank 
java_command: org.codehaus.plexus.classworlds.launcher.Launcher clean tomcat7:redeploy
java_class_path (initial): /usr/share/maven/boot/plexus-classworlds-2.x.jar
Launcher Type: SUN_STANDARD

Environment Variables:
JAVA_HOME=/usr/lib/jvm/java-8-openjdk-amd64
PATH=/home/novabase/.local/share/umake/bin:/home/novabase/.local/share/umake/bin:/usr/local/sbin:/usr/local/bin:/usr/sbin:/usr/bin:/sbin:/bin:/usr/games:/usr/local/games:/snap/bin:/snap/bin
LD_LIBRARY_PATH=/home/novabase/.local/share/umake/ide/idea-ultimate/bin:
SHELL=/bin/bash
DISPLAY=:0.0

Signal Handlers:
SIGSEGV: [libjvm.so+0xa70490], sa_mask[0]=11111111011111111101111111111110, sa_flags=SA_RESTART|SA_SIGINFO
SIGBUS: [libjvm.so+0xa70490], sa_mask[0]=11111111011111111101111111111110, sa_flags=SA_RESTART|SA_SIGINFO
SIGFPE: [libjvm.so+0x8b9fc0], sa_mask[0]=11111111011111111101111111111110, sa_flags=SA_RESTART|SA_SIGINFO
SIGPIPE: [libjvm.so+0x8b9fc0], sa_mask[0]=11111111011111111101111111111110, sa_flags=SA_RESTART|SA_SIGINFO
SIGXFSZ: [libjvm.so+0x8b9fc0], sa_mask[0]=11111111011111111101111111111110, sa_flags=SA_RESTART|SA_SIGINFO
SIGILL: [libjvm.so+0x8b9fc0], sa_mask[0]=11111111011111111101111111111110, sa_flags=SA_RESTART|SA_SIGINFO
SIGUSR1: SIG_DFL, sa_mask[0]=00000000000000000000000000000000, sa_flags=none
SIGUSR2: [libjvm.so+0x8b9e70], sa_mask[0]=00100000000000000000000000000000, sa_flags=SA_RESTART|SA_SIGINFO
SIGHUP: [libjvm.so+0x8ba320], sa_mask[0]=11111111011111111101111111111110, sa_flags=SA_RESTART|SA_SIGINFO
SIGINT: [libjvm.so+0x8ba320], sa_mask[0]=11111111011111111101111111111110, sa_flags=SA_RESTART|SA_SIGINFO
SIGTERM: [libjvm.so+0x8ba320], sa_mask[0]=11111111011111111101111111111110, sa_flags=SA_RESTART|SA_SIGINFO
SIGQUIT: [libjvm.so+0x8ba320], sa_mask[0]=11111111011111111101111111111110, sa_flags=SA_RESTART|SA_SIGINFO


---------------  S Y S T E M  ---------------

OS:DISTRIB_ID=Ubuntu
DISTRIB_RELEASE=17.04
DISTRIB_CODENAME=zesty
DISTRIB_DESCRIPTION="Ubuntu 17.04"

uname:Linux 4.10.0-37-generic #41-Ubuntu SMP Fri Oct 6 20:20:37 UTC 2017 x86_64
libc:glibc 2.24 NPTL 2.24 
rlimit: STACK 8192k, CORE 0k, NPROC 11844, NOFILE 1048576, AS infinity
load average:1,42 0,94 0,66

/proc/meminfo:
MemTotal:        3077980 kB
MemFree:           78372 kB
MemAvailable:      26000 kB
Buffers:            5264 kB
Cached:            71440 kB
SwapCached:         9188 kB
Active:          2375936 kB
Inactive:         490912 kB
Active(anon):    2357524 kB
Inactive(anon):   477328 kB
Active(file):      18412 kB
Inactive(file):    13584 kB
Unevictable:          32 kB
Mlocked:              32 kB
SwapTotal:       1214880 kB
SwapFree:              0 kB
Dirty:               460 kB
Writeback:             0 kB
AnonPages:       2781364 kB
Mapped:            59968 kB
Shmem:             44516 kB
Slab:              48544 kB
SReclaimable:      21960 kB
SUnreclaim:        26584 kB
KernelStack:        9040 kB
PageTables:        41068 kB
NFS_Unstable:          0 kB
Bounce:                0 kB
WritebackTmp:          0 kB
CommitLimit:     2753868 kB
Committed_AS:    7147760 kB
VmallocTotal:   34359738367 kB
VmallocUsed:           0 kB
VmallocChunk:          0 kB
HardwareCorrupted:     0 kB
AnonHugePages:   1374208 kB
ShmemHugePages:        0 kB
ShmemPmdMapped:        0 kB
CmaTotal:              0 kB
CmaFree:               0 kB
HugePages_Total:       0
HugePages_Free:        0
HugePages_Rsvd:        0
HugePages_Surp:        0
Hugepagesize:       2048 kB
DirectMap4k:      112576 kB
DirectMap2M:     3033088 kB


CPU:total 2 (initial active 2) (2 cores per cpu, 1 threads per core) family 6 model 61 stepping 4, cmov, cx8, fxsr, mmx, sse, sse2, sse3, ssse3, sse4.1, sse4.2, popcnt, avx, aes, clmul, 3dnowpref, lzcnt, tsc, tscinvbit

/proc/cpuinfo:
processor	: 0
vendor_id	: GenuineIntel
cpu family	: 6
model		: 61
model name	: Intel(R) Core(TM) i5-5200U CPU @ 2.20GHz
stepping	: 4
cpu MHz		: 2194.916
cache size	: 3072 KB
physical id	: 0
siblings	: 2
core id		: 0
cpu cores	: 2
apicid		: 0
initial apicid	: 0
fpu		: yes
fpu_exception	: yes
cpuid level	: 20
wp		: yes
flags		: fpu vme de pse tsc msr pae mce cx8 apic sep mtrr pge mca cmov pat pse36 clflush mmx fxsr sse sse2 ht syscall nx rdtscp lm constant_tsc rep_good nopl xtopology nonstop_tsc pni pclmulqdq ssse3 cx16 sse4_1 sse4_2 x2apic movbe popcnt aes xsave avx rdrand hypervisor lahf_lm abm 3dnowprefetch rdseed
bugs		:
bogomips	: 4389.83
clflush size	: 64
cache_alignment	: 64
address sizes	: 39 bits physical, 48 bits virtual
power management:

processor	: 1
vendor_id	: GenuineIntel
cpu family	: 6
model		: 61
model name	: Intel(R) Core(TM) i5-5200U CPU @ 2.20GHz
stepping	: 4
cpu MHz		: 2194.916
cache size	: 3072 KB
physical id	: 0
siblings	: 2
core id		: 1
cpu cores	: 2
apicid		: 1
initial apicid	: 1
fpu		: yes
fpu_exception	: yes
cpuid level	: 20
wp		: yes
flags		: fpu vme de pse tsc msr pae mce cx8 apic sep mtrr pge mca cmov pat pse36 clflush mmx fxsr sse sse2 ht syscall nx rdtscp lm constant_tsc rep_good nopl xtopology nonstop_tsc pni pclmulqdq ssse3 cx16 sse4_1 sse4_2 x2apic movbe popcnt aes xsave avx rdrand hypervisor lahf_lm abm 3dnowprefetch rdseed
bugs		:
bogomips	: 4389.83
clflush size	: 64
cache_alignment	: 64
address sizes	: 39 bits physical, 48 bits virtual
power management:



Memory: 4k page, physical 3077980k(78372k free), swap 1214880k(0k free)

vm_info: OpenJDK 64-Bit Server VM (25.131-b11) for linux-amd64 JRE (1.8.0_131-8u131-b11-2ubuntu1.17.04.3-b11), built on Jul 27 2017 21:26:44 by "buildd" with gcc 6.3.0 20170406

time: Mon Oct 23 11:46:54 2017
elapsed time: 6 seconds (0d 0h 0m 6s)

