#
# There is insufficient memory for the Java Runtime Environment to continue.
# Native memory allocation (mmap) failed to map 12582912 bytes for committing reserved memory.
# Possible reasons:
#   The system is out of physical RAM or swap space
#   In 32 bit mode, the process size limit was hit
# Possible solutions:
#   Reduce memory load on the system
#   Increase physical memory or swap space
#   Check if swap backing store is full
#   Use 64 bit Java on a 64 bit OS
#   Decrease Java heap size (-Xmx/-Xms)
#   Decrease number of Java threads
#   Decrease Java thread stack sizes (-Xss)
#   Set larger code cache with -XX:ReservedCodeCacheSize=
# This output file may be truncated or incomplete.
#
#  Out of Memory Error (os_linux.cpp:2643), pid=14037, tid=0x00007fa500d4f700
#
# JRE version: OpenJDK Runtime Environment (8.0_131-b11) (build 1.8.0_131-8u131-b11-2ubuntu1.17.04.3-b11)
# Java VM: OpenJDK 64-Bit Server VM (25.131-b11 mixed mode linux-amd64 compressed oops)
# Failed to write core dump. Core dumps have been disabled. To enable core dumping, try "ulimit -c unlimited" before starting Java again
#

---------------  T H R E A D  ---------------

Current thread (0x00007fa514073800):  VMThread [stack: 0x00007fa500c4f000,0x00007fa500d50000] [id=14065]

Stack: [0x00007fa500c4f000,0x00007fa500d50000],  sp=0x00007fa500d4e4d0,  free space=1021k
Native frames: (J=compiled Java code, j=interpreted, Vv=VM code, C=native code)
V  [libjvm.so+0xa6fa00]  VMError::report_and_die()+0x160
V  [libjvm.so+0x4c7bdc]  report_vm_out_of_memory(char const*, int, unsigned long, VMErrorType, char const*)+0xac
V  [libjvm.so+0x8be7a0]  os::pd_commit_memory(char*, unsigned long, unsigned long, bool)+0xf0
V  [libjvm.so+0x8b8e2e]  os::commit_memory(char*, unsigned long, unsigned long, bool)+0x2e
V  [libjvm.so+0x93395e]  PSVirtualSpace::expand_by(unsigned long)+0x4e
V  [libjvm.so+0x934ce3]  PSYoungGen::resize(unsigned long, unsigned long)+0x103
V  [libjvm.so+0x931333]  PSScavenge::invoke_no_policy()+0x1503
V  [libjvm.so+0x9315dc]  PSScavenge::invoke()+0x4c
V  [libjvm.so+0x8e2f53]  ParallelScavengeHeap::failed_mem_allocate(unsigned long)+0x63
V  [libjvm.so+0xa71672]  VM_ParallelGCFailedAllocation::doit()+0x92
V  [libjvm.so+0xa767e7]  VM_Operation::evaluate()+0x47
V  [libjvm.so+0xa73f77]  VMThread::evaluate_operation(VM_Operation*) [clone .constprop.30]+0xe7
V  [libjvm.so+0xa753f6]  VMThread::loop()+0x246
V  [libjvm.so+0xa758f1]  VMThread::run()+0x81
V  [libjvm.so+0x8bbd32]  java_start(Thread*)+0xf2

VM_Operation (0x00007fa51a8c8d10): ParallelGCFailedAllocation, mode: safepoint, requested by thread 0x00007fa51400a000


---------------  P R O C E S S  ---------------

Java Threads: ( => current thread )
  0x00007fa5140b0000 JavaThread "Service Thread" daemon [_thread_blocked, id=14071, stack(0x00007fa50036d000,0x00007fa50046e000)]
  0x00007fa5140ad000 JavaThread "C1 CompilerThread1" daemon [_thread_blocked, id=14070, stack(0x00007fa50046e000,0x00007fa50056f000)]
  0x00007fa5140aa800 JavaThread "C2 CompilerThread0" daemon [_thread_blocked, id=14069, stack(0x00007fa50056f000,0x00007fa500670000)]
  0x00007fa5140a8000 JavaThread "Signal Dispatcher" daemon [_thread_blocked, id=14068, stack(0x00007fa500670000,0x00007fa500771000)]
  0x00007fa51407f800 JavaThread "Finalizer" daemon [_thread_blocked, id=14067, stack(0x00007fa500a4d000,0x00007fa500b4e000)]
  0x00007fa51407b000 JavaThread "Reference Handler" daemon [_thread_blocked, id=14066, stack(0x00007fa500b4e000,0x00007fa500c4f000)]
  0x00007fa51400a000 JavaThread "main" [_thread_blocked, id=14062, stack(0x00007fa51a7ce000,0x00007fa51a8cf000)]

Other Threads:
=>0x00007fa514073800 VMThread [stack: 0x00007fa500c4f000,0x00007fa500d50000] [id=14065]
  0x00007fa5140bf000 WatcherThread [stack: 0x00007fa50026c000,0x00007fa50036d000] [id=14072]

VM state:at safepoint (normal execution)

VM Mutex/Monitor currently owned by a thread:  ([mutex/lock_event])
[0x00007fa514006480] Threads_lock - owner thread: 0x00007fa514073800
[0x00007fa514006980] Heap_lock - owner thread: 0x00007fa51400a000

Heap:
 PSYoungGen      total 14336K, used 2032K [0x00000000f0580000, 0x00000000f1580000, 0x0000000100000000)
  eden space 12288K, 0% used [0x00000000f0580000,0x00000000f0580000,0x00000000f1180000)
  from space 2048K, 99% used [0x00000000f1180000,0x00000000f137c048,0x00000000f1380000)
  to   space 2048K, 0% used [0x00000000f1380000,0x00000000f1380000,0x00000000f1580000)
 ParOldGen       total 32768K, used 602K [0x00000000d1000000, 0x00000000d3000000, 0x00000000f0580000)
  object space 32768K, 1% used [0x00000000d1000000,0x00000000d1096ac0,0x00000000d3000000)
 Metaspace       used 6043K, capacity 6188K, committed 6400K, reserved 1056768K
  class space    used 691K, capacity 728K, committed 768K, reserved 1048576K

Card table byte_map: [0x00007fa503c3d000,0x00007fa503db6000] byte_map_base: 0x00007fa5035b5000

Marking Bits: (ParMarkBitMap*) 0x00007fa519a932c0
 Begin Bits: [0x00007fa5021c0000, 0x00007fa502d80000)
 End Bits:   [0x00007fa502d80000, 0x00007fa503940000)

Polling page: 0x00007fa51a8e5000

CodeCache: size=245760Kb used=1834Kb max_used=1834Kb free=243925Kb
 bounds [0x00007fa504176000, 0x00007fa5043e6000, 0x00007fa513176000]
 total_blobs=605 nmethods=332 adapters=188
 compilation: enabled

Compilation events (10 events):
Event: 2,498 Thread 0x00007fa5140ad000  338       3       java.util.zip.ZipCoder::decoder (35 bytes)
Event: 2,498 Thread 0x00007fa5140ad000 nmethod 338 0x00007fa504339910 code [0x00007fa504339ac0, 0x00007fa50433a128]
Event: 2,530 Thread 0x00007fa5140ad000  341       3       java.lang.Package::isSealed (13 bytes)
Event: 2,530 Thread 0x00007fa5140ad000 nmethod 341 0x00007fa50433a9d0 code [0x00007fa50433ab40, 0x00007fa50433acf0]
Event: 2,530 Thread 0x00007fa5140ad000  342       3       java.net.URLClassLoader::isSealed (72 bytes)
Event: 2,531 Thread 0x00007fa5140ad000 nmethod 342 0x00007fa50433ad50 code [0x00007fa50433af80, 0x00007fa50433bb58]
Event: 2,531 Thread 0x00007fa5140ad000  343       3       java.lang.ClassLoader::compareCerts (149 bytes)
Event: 2,532 Thread 0x00007fa5140ad000 nmethod 343 0x00007fa50433c090 code [0x00007fa50433c260, 0x00007fa50433caf8]
Event: 2,537 Thread 0x00007fa5140ad000  344       3       java.net.URLStreamHandler::toExternalForm (219 bytes)
Event: 2,539 Thread 0x00007fa5140ad000 nmethod 344 0x00007fa50433cdd0 code [0x00007fa50433d140, 0x00007fa5043406c8]

GC Heap History (1 events):
Event: 2,557 GC heap before
{Heap before GC invocations=1 (full 0):
 PSYoungGen      total 14336K, used 12288K [0x00000000f0580000, 0x00000000f1580000, 0x0000000100000000)
  eden space 12288K, 100% used [0x00000000f0580000,0x00000000f1180000,0x00000000f1180000)
  from space 2048K, 0% used [0x00000000f1380000,0x00000000f1380000,0x00000000f1580000)
  to   space 2048K, 0% used [0x00000000f1180000,0x00000000f1180000,0x00000000f1380000)
 ParOldGen       total 32768K, used 0K [0x00000000d1000000, 0x00000000d3000000, 0x00000000f0580000)
  object space 32768K, 0% used [0x00000000d1000000,0x00000000d1000000,0x00000000d3000000)
 Metaspace       used 6043K, capacity 6188K, committed 6400K, reserved 1056768K
  class space    used 691K, capacity 728K, committed 768K, reserved 1048576K

Deoptimization events (0 events):
No events

Internal exceptions (10 events):
Event: 0,062 Thread 0x00007fa51400a000 Exception <a 'java/lang/NoSuchMethodError': Method sun.misc.Unsafe.prefetchRead(Ljava/lang/Object;J)V name or signature does not match> (0x00000000f0587f90) thrown at [/build/openjdk-8-ugc2Ph/openjdk-8-8u131-b11/src/hotspot/src/share/vm/prims/jni.cpp, lin
Event: 0,191 Thread 0x00007fa51400a000 Exception <a 'java/util/zip/ZipException'> (0x00000000f05db178) thrown at [/build/openjdk-8-ugc2Ph/openjdk-8-8u131-b11/src/hotspot/src/share/vm/prims/jni.cpp, line 709]
Event: 0,192 Thread 0x00007fa51400a000 Exception <a 'java/security/PrivilegedActionException'> (0x00000000f05db418) thrown at [/build/openjdk-8-ugc2Ph/openjdk-8-8u131-b11/src/hotspot/src/share/vm/prims/jvm.cpp, line 1390]
Event: 0,192 Thread 0x00007fa51400a000 Exception <a 'java/security/PrivilegedActionException'> (0x00000000f05db628) thrown at [/build/openjdk-8-ugc2Ph/openjdk-8-8u131-b11/src/hotspot/src/share/vm/prims/jvm.cpp, line 1390]
Event: 0,515 Thread 0x00007fa51400a000 Exception <a 'java/security/PrivilegedActionException'> (0x00000000f087b7e8) thrown at [/build/openjdk-8-ugc2Ph/openjdk-8-8u131-b11/src/hotspot/src/share/vm/prims/jvm.cpp, line 1390]
Event: 0,516 Thread 0x00007fa51400a000 Exception <a 'java/security/PrivilegedActionException'> (0x00000000f087bbe0) thrown at [/build/openjdk-8-ugc2Ph/openjdk-8-8u131-b11/src/hotspot/src/share/vm/prims/jvm.cpp, line 1390]
Event: 0,517 Thread 0x00007fa51400a000 Exception <a 'java/security/PrivilegedActionException'> (0x00000000f087de50) thrown at [/build/openjdk-8-ugc2Ph/openjdk-8-8u131-b11/src/hotspot/src/share/vm/prims/jvm.cpp, line 1390]
Event: 0,517 Thread 0x00007fa51400a000 Exception <a 'java/security/PrivilegedActionException'> (0x00000000f087e248) thrown at [/build/openjdk-8-ugc2Ph/openjdk-8-8u131-b11/src/hotspot/src/share/vm/prims/jvm.cpp, line 1390]
Event: 0,517 Thread 0x00007fa51400a000 Exception <a 'java/security/PrivilegedActionException'> (0x00000000f087ef08) thrown at [/build/openjdk-8-ugc2Ph/openjdk-8-8u131-b11/src/hotspot/src/share/vm/prims/jvm.cpp, line 1390]
Event: 0,517 Thread 0x00007fa51400a000 Exception <a 'java/security/PrivilegedActionException'> (0x00000000f087f300) thrown at [/build/openjdk-8-ugc2Ph/openjdk-8-8u131-b11/src/hotspot/src/share/vm/prims/jvm.cpp, line 1390]

Events (10 events):
Event: 2,539 loading class com/google/inject/internal/ProcessedBindingData done
Event: 2,539 loading class com/google/inject/internal/InheritingState
Event: 2,539 loading class com/google/inject/internal/InheritingState done
Event: 2,541 loading class com/google/inject/internal/State$1
Event: 2,541 loading class com/google/inject/internal/State$1 done
Event: 2,541 loading class com/google/inject/internal/WeakKeySet
Event: 2,541 loading class com/google/inject/internal/WeakKeySet done
Event: 2,542 loading class com/google/common/cache/RemovalListener
Event: 2,542 loading class com/google/common/cache/RemovalListener done
Event: 2,556 Executing VM operation: ParallelGCFailedAllocation


Dynamic libraries:
d1000000-d3000000 rw-p 00000000 00:00 0 
d3000000-f0580000 ---p 00000000 00:00 0 
f0580000-f1580000 rw-p 00000000 00:00 0 
f2180000-100000000 ---p 00000000 00:00 0 
100000000-1000c0000 rw-p 00000000 00:00 0 
1000c0000-140000000 ---p 00000000 00:00 0 
556e3de54000-556e3de55000 r-xp 00000000 08:01 662676                     /usr/lib/jvm/java-8-openjdk-amd64/jre/bin/java
556e3e054000-556e3e055000 r--p 00000000 08:01 662676                     /usr/lib/jvm/java-8-openjdk-amd64/jre/bin/java
556e3e055000-556e3e056000 rw-p 00001000 08:01 662676                     /usr/lib/jvm/java-8-openjdk-amd64/jre/bin/java
556e3f356000-556e3f377000 rw-p 00000000 00:00 0                          [heap]
7fa4d4000000-7fa4d4021000 rw-p 00000000 00:00 0 
7fa4d4021000-7fa4d8000000 ---p 00000000 00:00 0 
7fa4dc000000-7fa4dc2b9000 rw-p 00000000 00:00 0 
7fa4dc2b9000-7fa4e0000000 ---p 00000000 00:00 0 
7fa4e0000000-7fa4e0021000 rw-p 00000000 00:00 0 
7fa4e0021000-7fa4e4000000 ---p 00000000 00:00 0 
7fa4e4000000-7fa4e4021000 rw-p 00000000 00:00 0 
7fa4e4021000-7fa4e8000000 ---p 00000000 00:00 0 
7fa4e8000000-7fa4e81df000 rw-p 00000000 00:00 0 
7fa4e81df000-7fa4ec000000 ---p 00000000 00:00 0 
7fa4ec000000-7fa4ec021000 rw-p 00000000 00:00 0 
7fa4ec021000-7fa4f0000000 ---p 00000000 00:00 0 
7fa4f0000000-7fa4f0021000 rw-p 00000000 00:00 0 
7fa4f0021000-7fa4f4000000 ---p 00000000 00:00 0 
7fa4f4000000-7fa4f4021000 rw-p 00000000 00:00 0 
7fa4f4021000-7fa4f8000000 ---p 00000000 00:00 0 
7fa4f8000000-7fa4f8277000 rw-p 00000000 00:00 0 
7fa4f8277000-7fa4fc000000 ---p 00000000 00:00 0 
7fa4fc000000-7fa4fc021000 rw-p 00000000 00:00 0 
7fa4fc021000-7fa500000000 ---p 00000000 00:00 0 
7fa50013b000-7fa50013f000 r--s 00038000 08:01 1340226                    /usr/share/java/plexus-utils2.jar
7fa50013f000-7fa500141000 r--s 00005000 08:01 1340021                    /usr/share/java/eclipse-aether-transport-wagon.jar
7fa500141000-7fa500144000 r--s 0000a000 08:01 1340302                    /usr/share/java/maven3-artifact-3.3.9.jar
7fa500144000-7fa500145000 r--s 00000000 08:01 1339681                    /usr/share/java/geronimo-interceptor-3.0-spec-1.0.1.jar
7fa500145000-7fa500147000 r--s 00012000 08:01 1339687                    /usr/share/java/el-api-3.0.jar
7fa500147000-7fa500148000 r--s 00000000 08:01 1339668                    /usr/share/java/atinject-jsr330-api-1.0.jar
7fa500148000-7fa50014b000 r--s 00008000 08:01 1339695                    /usr/share/java/cdi-api-1.0.jar
7fa50014b000-7fa500153000 r--s 00068000 08:01 1339757                    /usr/share/java/commons-lang3.jar
7fa500153000-7fa500154000 r--s 00004000 08:01 1339667                    /usr/share/java/atinject-jsr330-tck-1.0.jar
7fa500154000-7fa50015a000 r--s 0004f000 08:01 1339925                    /usr/share/java/jsoup.jar
7fa50015a000-7fa50015c000 r--s 00006000 08:01 1340020                    /usr/share/java/eclipse-aether-spi.jar
7fa50015c000-7fa500161000 r--s 0002e000 08:01 1339745                    /usr/share/java/commons-io.jar
7fa500161000-7fa500163000 r--s 0000a000 08:01 1339713                    /usr/share/java/commons-cli-1.3.1.jar
7fa500163000-7fa50016a000 r--s 00054000 08:01 1340261                    /usr/share/java/sisu-inject.jar
7fa50016a000-7fa50016c000 r--s 00001000 08:01 1340038                    /usr/share/java/aopalliance-1.0.jar
7fa50016c000-7fa50017a000 r--s 00099000 08:01 1340052                    /usr/share/java/guice.jar
7fa50017a000-7fa500187000 r--s 0008d000 08:01 1340305                    /usr/share/java/maven3-core-3.3.9.jar
7fa500187000-7fa50018b000 r--s 00020000 08:01 1340023                    /usr/share/java/eclipse-aether-util.jar
7fa50018b000-7fa50018c000 r--s 00002000 08:01 1339898                    /usr/share/java/slf4j-simple.jar
7fa50018c000-7fa50018d000 r--s 00001000 08:01 1340273                    /usr/share/java/wagon-file-2.x.jar
7fa50018d000-7fa50018e000 r--s 00009000 08:01 1339892                    /usr/share/java/slf4j-api.jar
7fa50018e000-7fa500195000 r--s 0002c000 08:01 1340267                    /usr/share/java/sisu-plexus.jar
7fa500195000-7fa500197000 r--s 0000a000 08:01 1340303                    /usr/share/java/maven3-plugin-api-3.3.9.jar
7fa500197000-7fa50019c000 r--s 00040000 08:01 1339751                    /usr/share/java/commons-lang-2.6.jar
7fa50019c000-7fa50019d000 r--s 00006000 08:01 1340298                    /usr/share/java/maven3-repository-metadata-3.3.9.jar
7fa50019d000-7fa50019f000 r--s 00002000 08:01 1340158                    /usr/share/java/plexus-cipher.jar
7fa50019f000-7fa5001a1000 r--s 00001000 08:01 1340304                    /usr/share/java/maven3-builder-support-3.3.9.jar
7fa5001a1000-7fa5001a3000 r--s 00000000 08:01 1340220                    /usr/share/java/plexus-component-annotations-1.5.jar
7fa5001a3000-7fa5001cf000 r--s 00208000 08:01 1339938                    /usr/share/java/guava.jar
7fa5001cf000-7fa5001d0000 r--s 00006000 08:01 1340164                    /usr/share/java/plexus-sec-dispatcher.jar
7fa5001d0000-7fa5001d5000 r--s 00025000 08:01 1340295                    /usr/share/java/maven3-model-builder-3.3.9.jar
7fa5001d5000-7fa5001d6000 r--s 00001000 08:01 1340278                    /usr/share/java/wagon-http-shared-2.x.jar
7fa5001d6000-7fa5001d8000 r--s 0000a000 08:01 1340279                    /usr/share/java/wagon-provider-api-2.x.jar
7fa5001d8000-7fa5001da000 r--s 00027000 08:01 1340296                    /usr/share/java/maven3-model-3.3.9.jar
7fa5001da000-7fa5001de000 r--s 00027000 08:01 1340015                    /usr/share/java/eclipse-aether-impl.jar
7fa5001de000-7fa5001e0000 r--s 0000e000 08:01 1339854                    /usr/share/java/plexus-interpolation.jar
7fa5001e0000-7fa5001e3000 r--s 00007000 08:01 1340297                    /usr/share/java/maven3-settings-builder-3.3.9.jar
7fa5001e3000-7fa500214000 r--s 00212000 08:01 1340277                    /usr/share/java/wagon-http-shaded-2.x.jar
7fa500214000-7fa500216000 r--s 00013000 08:01 1340301                    /usr/share/java/maven3-embedder-3.3.9.jar
7fa500216000-7fa50021b000 r--s 0001d000 08:01 1340022                    /usr/share/java/eclipse-aether-api.jar
7fa50021b000-7fa50021c000 r--s 00008000 08:01 1340018                    /usr/share/java/eclipse-aether-connector-basic.jar
7fa50021c000-7fa500223000 r--s 00041000 08:01 1340299                    /usr/share/java/maven3-compat-3.3.9.jar
7fa500223000-7fa500225000 r--s 0000d000 08:01 1340294                    /usr/share/java/maven3-aether-provider-3.3.9.jar
7fa500225000-7fa500227000 r--s 0000a000 08:01 1340214                    /usr/share/java/plexus-classworlds2-2.5.2.jar
7fa500227000-7fa50022c000 r--s 0003b000 08:01 930686                     /usr/lib/jvm/java-8-openjdk-amd64/jre/lib/ext/sunjce_provider.jar
7fa50022c000-7fa500236000 r--s 00116000 08:01 930683                     /usr/lib/jvm/java-8-openjdk-amd64/jre/lib/ext/localedata.jar
7fa500236000-7fa500251000 r--s 001d6000 08:01 930684                     /usr/lib/jvm/java-8-openjdk-amd64/jre/lib/ext/nashorn.jar
7fa500251000-7fa50026c000 r--s 00394000 08:01 930679                     /usr/lib/jvm/java-8-openjdk-amd64/jre/lib/ext/cldrdata.jar
7fa50026c000-7fa50026d000 ---p 00000000 00:00 0 
7fa50026d000-7fa50036d000 rw-p 00000000 00:00 0 
7fa50036d000-7fa500370000 ---p 00000000 00:00 0 
7fa500370000-7fa50046e000 rw-p 00000000 00:00 0 
7fa50046e000-7fa500471000 ---p 00000000 00:00 0 
7fa500471000-7fa50056f000 rw-p 00000000 00:00 0 
7fa50056f000-7fa500572000 ---p 00000000 00:00 0 
7fa500572000-7fa500670000 rw-p 00000000 00:00 0 
7fa500670000-7fa500673000 ---p 00000000 00:00 0 
7fa500673000-7fa500771000 rw-p 00000000 00:00 0 
7fa500771000-7fa500a4d000 r--p 00000000 08:01 1184976                    /usr/lib/locale/locale-archive
7fa500a4d000-7fa500a50000 ---p 00000000 00:00 0 
7fa500a50000-7fa500b4e000 rw-p 00000000 00:00 0 
7fa500b4e000-7fa500b51000 ---p 00000000 00:00 0 
7fa500b51000-7fa500c4f000 rw-p 00000000 00:00 0 
7fa500c4f000-7fa500c50000 ---p 00000000 00:00 0 
7fa500c50000-7fa50167a000 rw-p 00000000 00:00 0 
7fa50167a000-7fa501848000 r--s 03c13000 08:01 792819                     /usr/lib/jvm/java-8-openjdk-amd64/jre/lib/rt.jar
7fa501848000-7fa501dc8000 rw-p 00000000 00:00 0 
7fa501dc8000-7fa502048000 ---p 00000000 00:00 0 
7fa502048000-7fa503940000 rw-p 00000000 00:00 0 
7fa503940000-7fa503941000 ---p 00000000 00:00 0 
7fa503941000-7fa503a41000 rw-p 00000000 00:00 0 
7fa503a41000-7fa503a42000 ---p 00000000 00:00 0 
7fa503a42000-7fa503b52000 rw-p 00000000 00:00 0 
7fa503b52000-7fa503c3d000 ---p 00000000 00:00 0 
7fa503c3d000-7fa503c4d000 rw-p 00000000 00:00 0 
7fa503c4d000-7fa503d37000 ---p 00000000 00:00 0 
7fa503d37000-7fa503d40000 rw-p 00000000 00:00 0 
7fa503d40000-7fa503db5000 ---p 00000000 00:00 0 
7fa503db5000-7fa503dc0000 rw-p 00000000 00:00 0 
7fa503dc0000-7fa504176000 ---p 00000000 00:00 0 
7fa504176000-7fa5043e6000 rwxp 00000000 00:00 0 
7fa5043e6000-7fa513176000 ---p 00000000 00:00 0 
7fa513176000-7fa51317e000 r-xp 00000000 08:01 790198                     /usr/lib/jvm/java-8-openjdk-amd64/jre/lib/amd64/libzip.so
7fa51317e000-7fa51337d000 ---p 00008000 08:01 790198                     /usr/lib/jvm/java-8-openjdk-amd64/jre/lib/amd64/libzip.so
7fa51337d000-7fa51337e000 r--p 00007000 08:01 790198                     /usr/lib/jvm/java-8-openjdk-amd64/jre/lib/amd64/libzip.so
7fa51337e000-7fa51337f000 rw-p 00008000 08:01 790198                     /usr/lib/jvm/java-8-openjdk-amd64/jre/lib/amd64/libzip.so
7fa51337f000-7fa51338a000 r-xp 00000000 08:01 917551                     /lib/x86_64-linux-gnu/libnss_files-2.24.so
7fa51338a000-7fa513589000 ---p 0000b000 08:01 917551                     /lib/x86_64-linux-gnu/libnss_files-2.24.so
7fa513589000-7fa51358a000 r--p 0000a000 08:01 917551                     /lib/x86_64-linux-gnu/libnss_files-2.24.so
7fa51358a000-7fa51358b000 rw-p 0000b000 08:01 917551                     /lib/x86_64-linux-gnu/libnss_files-2.24.so
7fa51358b000-7fa513591000 rw-p 00000000 00:00 0 
7fa513591000-7fa51359c000 r-xp 00000000 08:01 917553                     /lib/x86_64-linux-gnu/libnss_nis-2.24.so
7fa51359c000-7fa51379b000 ---p 0000b000 08:01 917553                     /lib/x86_64-linux-gnu/libnss_nis-2.24.so
7fa51379b000-7fa51379c000 r--p 0000a000 08:01 917553                     /lib/x86_64-linux-gnu/libnss_nis-2.24.so
7fa51379c000-7fa51379d000 rw-p 0000b000 08:01 917553                     /lib/x86_64-linux-gnu/libnss_nis-2.24.so
7fa51379d000-7fa5137b3000 r-xp 00000000 08:01 917548                     /lib/x86_64-linux-gnu/libnsl-2.24.so
7fa5137b3000-7fa5139b2000 ---p 00016000 08:01 917548                     /lib/x86_64-linux-gnu/libnsl-2.24.so
7fa5139b2000-7fa5139b3000 r--p 00015000 08:01 917548                     /lib/x86_64-linux-gnu/libnsl-2.24.so
7fa5139b3000-7fa5139b4000 rw-p 00016000 08:01 917548                     /lib/x86_64-linux-gnu/libnsl-2.24.so
7fa5139b4000-7fa5139b6000 rw-p 00000000 00:00 0 
7fa5139b6000-7fa5139be000 r-xp 00000000 08:01 917549                     /lib/x86_64-linux-gnu/libnss_compat-2.24.so
7fa5139be000-7fa513bbd000 ---p 00008000 08:01 917549                     /lib/x86_64-linux-gnu/libnss_compat-2.24.so
7fa513bbd000-7fa513bbe000 r--p 00007000 08:01 917549                     /lib/x86_64-linux-gnu/libnss_compat-2.24.so
7fa513bbe000-7fa513bbf000 rw-p 00008000 08:01 917549                     /lib/x86_64-linux-gnu/libnss_compat-2.24.so
7fa513bbf000-7fa513bec000 r-xp 00000000 08:01 790179                     /usr/lib/jvm/java-8-openjdk-amd64/jre/lib/amd64/libjava.so
7fa513bec000-7fa513deb000 ---p 0002d000 08:01 790179                     /usr/lib/jvm/java-8-openjdk-amd64/jre/lib/amd64/libjava.so
7fa513deb000-7fa513dec000 r--p 0002c000 08:01 790179                     /usr/lib/jvm/java-8-openjdk-amd64/jre/lib/amd64/libjava.so
7fa513dec000-7fa513dee000 rw-p 0002d000 08:01 790179                     /usr/lib/jvm/java-8-openjdk-amd64/jre/lib/amd64/libjava.so
7fa513dee000-7fa513dfd000 r-xp 00000000 08:01 790197                     /usr/lib/jvm/java-8-openjdk-amd64/jre/lib/amd64/libverify.so
7fa513dfd000-7fa513ffd000 ---p 0000f000 08:01 790197                     /usr/lib/jvm/java-8-openjdk-amd64/jre/lib/amd64/libverify.so
7fa513ffd000-7fa513fff000 r--p 0000f000 08:01 790197                     /usr/lib/jvm/java-8-openjdk-amd64/jre/lib/amd64/libverify.so
7fa513fff000-7fa514000000 rw-p 00011000 08:01 790197                     /usr/lib/jvm/java-8-openjdk-amd64/jre/lib/amd64/libverify.so
7fa514000000-7fa514443000 rw-p 00000000 00:00 0 
7fa514443000-7fa518000000 ---p 00000000 00:00 0 
7fa518000000-7fa518003000 r--s 0000f000 08:01 930681                     /usr/lib/jvm/java-8-openjdk-amd64/jre/lib/ext/icedtea-sound.jar
7fa518003000-7fa5180bb000 rw-p 00000000 00:00 0 
7fa5180bb000-7fa5180c2000 r-xp 00000000 08:01 922898                     /lib/x86_64-linux-gnu/librt-2.24.so
7fa5180c2000-7fa5182c1000 ---p 00007000 08:01 922898                     /lib/x86_64-linux-gnu/librt-2.24.so
7fa5182c1000-7fa5182c2000 r--p 00006000 08:01 922898                     /lib/x86_64-linux-gnu/librt-2.24.so
7fa5182c2000-7fa5182c3000 rw-p 00007000 08:01 922898                     /lib/x86_64-linux-gnu/librt-2.24.so
7fa5182c3000-7fa5182d9000 r-xp 00000000 08:01 923076                     /lib/x86_64-linux-gnu/libgcc_s.so.1
7fa5182d9000-7fa5184d8000 ---p 00016000 08:01 923076                     /lib/x86_64-linux-gnu/libgcc_s.so.1
7fa5184d8000-7fa5184d9000 r--p 00015000 08:01 923076                     /lib/x86_64-linux-gnu/libgcc_s.so.1
7fa5184d9000-7fa5184da000 rw-p 00016000 08:01 923076                     /lib/x86_64-linux-gnu/libgcc_s.so.1
7fa5184da000-7fa5185e2000 r-xp 00000000 08:01 917545                     /lib/x86_64-linux-gnu/libm-2.24.so
7fa5185e2000-7fa5187e1000 ---p 00108000 08:01 917545                     /lib/x86_64-linux-gnu/libm-2.24.so
7fa5187e1000-7fa5187e2000 r--p 00107000 08:01 917545                     /lib/x86_64-linux-gnu/libm-2.24.so
7fa5187e2000-7fa5187e3000 rw-p 00108000 08:01 917545                     /lib/x86_64-linux-gnu/libm-2.24.so
7fa5187e3000-7fa51895c000 r-xp 00000000 08:01 1186287                    /usr/lib/x86_64-linux-gnu/libstdc++.so.6.0.22
7fa51895c000-7fa518b5b000 ---p 00179000 08:01 1186287                    /usr/lib/x86_64-linux-gnu/libstdc++.so.6.0.22
7fa518b5b000-7fa518b65000 r--p 00178000 08:01 1186287                    /usr/lib/x86_64-linux-gnu/libstdc++.so.6.0.22
7fa518b65000-7fa518b67000 rw-p 00182000 08:01 1186287                    /usr/lib/x86_64-linux-gnu/libstdc++.so.6.0.22
7fa518b67000-7fa518b6b000 rw-p 00000000 00:00 0 
7fa518b6b000-7fa5197c5000 r-xp 00000000 08:01 790201                     /usr/lib/jvm/java-8-openjdk-amd64/jre/lib/amd64/server/libjvm.so
7fa5197c5000-7fa5199c4000 ---p 00c5a000 08:01 790201                     /usr/lib/jvm/java-8-openjdk-amd64/jre/lib/amd64/server/libjvm.so
7fa5199c4000-7fa519a57000 r--p 00c59000 08:01 790201                     /usr/lib/jvm/java-8-openjdk-amd64/jre/lib/amd64/server/libjvm.so
7fa519a57000-7fa519a80000 rw-p 00cec000 08:01 790201                     /usr/lib/jvm/java-8-openjdk-amd64/jre/lib/amd64/server/libjvm.so
7fa519a80000-7fa519ab0000 rw-p 00000000 00:00 0 
7fa519ab0000-7fa519ac8000 r-xp 00000000 08:01 922554                     /lib/x86_64-linux-gnu/libpthread-2.24.so
7fa519ac8000-7fa519cc8000 ---p 00018000 08:01 922554                     /lib/x86_64-linux-gnu/libpthread-2.24.so
7fa519cc8000-7fa519cc9000 r--p 00018000 08:01 922554                     /lib/x86_64-linux-gnu/libpthread-2.24.so
7fa519cc9000-7fa519cca000 rw-p 00019000 08:01 922554                     /lib/x86_64-linux-gnu/libpthread-2.24.so
7fa519cca000-7fa519cce000 rw-p 00000000 00:00 0 
7fa519cce000-7fa519cd1000 r-xp 00000000 08:01 917544                     /lib/x86_64-linux-gnu/libdl-2.24.so
7fa519cd1000-7fa519ed0000 ---p 00003000 08:01 917544                     /lib/x86_64-linux-gnu/libdl-2.24.so
7fa519ed0000-7fa519ed1000 r--p 00002000 08:01 917544                     /lib/x86_64-linux-gnu/libdl-2.24.so
7fa519ed1000-7fa519ed2000 rw-p 00003000 08:01 917544                     /lib/x86_64-linux-gnu/libdl-2.24.so
7fa519ed2000-7fa519eed000 r-xp 00000000 08:01 923213                     /lib/x86_64-linux-gnu/libz.so.1.2.11
7fa519eed000-7fa51a0ec000 ---p 0001b000 08:01 923213                     /lib/x86_64-linux-gnu/libz.so.1.2.11
7fa51a0ec000-7fa51a0ed000 r--p 0001a000 08:01 923213                     /lib/x86_64-linux-gnu/libz.so.1.2.11
7fa51a0ed000-7fa51a0ee000 rw-p 0001b000 08:01 923213                     /lib/x86_64-linux-gnu/libz.so.1.2.11
7fa51a0ee000-7fa51a2ac000 r-xp 00000000 08:01 917541                     /lib/x86_64-linux-gnu/libc-2.24.so
7fa51a2ac000-7fa51a4ab000 ---p 001be000 08:01 917541                     /lib/x86_64-linux-gnu/libc-2.24.so
7fa51a4ab000-7fa51a4af000 r--p 001bd000 08:01 917541                     /lib/x86_64-linux-gnu/libc-2.24.so
7fa51a4af000-7fa51a4b1000 rw-p 001c1000 08:01 917541                     /lib/x86_64-linux-gnu/libc-2.24.so
7fa51a4b1000-7fa51a4b5000 rw-p 00000000 00:00 0 
7fa51a4b5000-7fa51a4c2000 r-xp 00000000 08:01 790165                     /usr/lib/jvm/java-8-openjdk-amd64/jre/lib/amd64/jli/libjli.so
7fa51a4c2000-7fa51a6c2000 ---p 0000d000 08:01 790165                     /usr/lib/jvm/java-8-openjdk-amd64/jre/lib/amd64/jli/libjli.so
7fa51a6c2000-7fa51a6c3000 r--p 0000d000 08:01 790165                     /usr/lib/jvm/java-8-openjdk-amd64/jre/lib/amd64/jli/libjli.so
7fa51a6c3000-7fa51a6c4000 rw-p 0000e000 08:01 790165                     /usr/lib/jvm/java-8-openjdk-amd64/jre/lib/amd64/jli/libjli.so
7fa51a6c4000-7fa51a6ea000 r-xp 00000000 08:01 917518                     /lib/x86_64-linux-gnu/ld-2.24.so
7fa51a6ea000-7fa51a6ec000 r--s 00007000 08:01 1319769                    /usr/share/java/java-atk-wrapper.jar
7fa51a6ec000-7fa51a6ee000 r--s 00001000 08:01 930680                     /usr/lib/jvm/java-8-openjdk-amd64/jre/lib/ext/dnsns.jar
7fa51a6ee000-7fa51a7ce000 rw-p 00000000 00:00 0 
7fa51a7ce000-7fa51a7d1000 ---p 00000000 00:00 0 
7fa51a7d1000-7fa51a8d3000 rw-p 00000000 00:00 0 
7fa51a8d3000-7fa51a8d4000 r--s 0000a000 08:01 1340300                    /usr/share/java/maven3-settings-3.3.9.jar
7fa51a8d4000-7fa51a8d5000 r--s 00010000 08:01 930688                     /usr/lib/jvm/java-8-openjdk-amd64/jre/lib/ext/zipfs.jar
7fa51a8d5000-7fa51a8d9000 r--s 00037000 08:01 930687                     /usr/lib/jvm/java-8-openjdk-amd64/jre/lib/ext/sunpkcs11.jar
7fa51a8d9000-7fa51a8da000 r--s 0000a000 08:01 930682                     /usr/lib/jvm/java-8-openjdk-amd64/jre/lib/ext/jaccess.jar
7fa51a8da000-7fa51a8dc000 r--s 00008000 08:01 930685                     /usr/lib/jvm/java-8-openjdk-amd64/jre/lib/ext/sunec.jar
7fa51a8dc000-7fa51a8e4000 rw-s 00000000 08:01 1051796                    /tmp/hsperfdata_novabase/14037
7fa51a8e4000-7fa51a8e5000 rw-p 00000000 00:00 0 
7fa51a8e5000-7fa51a8e6000 ---p 00000000 00:00 0 
7fa51a8e6000-7fa51a8e9000 rw-p 00000000 00:00 0 
7fa51a8e9000-7fa51a8ea000 r--p 00025000 08:01 917518                     /lib/x86_64-linux-gnu/ld-2.24.so
7fa51a8ea000-7fa51a8eb000 rw-p 00026000 08:01 917518                     /lib/x86_64-linux-gnu/ld-2.24.so
7fa51a8eb000-7fa51a8ec000 rw-p 00000000 00:00 0 
7ffe9ef24000-7ffe9ef45000 rw-p 00000000 00:00 0                          [stack]
7ffe9ef4e000-7ffe9ef50000 r--p 00000000 00:00 0                          [vvar]
7ffe9ef50000-7ffe9ef52000 r-xp 00000000 00:00 0                          [vdso]
ffffffffff600000-ffffffffff601000 r-xp 00000000 00:00 0                  [vsyscall]

VM Arguments:
jvm_args: -Dclassworlds.conf=/usr/share/maven/bin/m2.conf -Dmaven.home=/usr/share/maven -Dmaven.multiModuleProjectDirectory=/home/novabase/java-bank 
java_command: org.codehaus.plexus.classworlds.launcher.Launcher clean tomcat7:redeploy
java_class_path (initial): /usr/share/maven/boot/plexus-classworlds-2.x.jar
Launcher Type: SUN_STANDARD

Environment Variables:
JAVA_HOME=/usr/lib/jvm/java-8-openjdk-amd64
PATH=/home/novabase/.local/share/umake/bin:/home/novabase/.local/share/umake/bin:/usr/local/sbin:/usr/local/bin:/usr/sbin:/usr/bin:/sbin:/bin:/usr/games:/usr/local/games:/snap/bin:/snap/bin
LD_LIBRARY_PATH=/home/novabase/.local/share/umake/ide/idea-ultimate/bin:
SHELL=/bin/bash
DISPLAY=:0.0

Signal Handlers:
SIGSEGV: [libjvm.so+0xa70490], sa_mask[0]=11111111011111111101111111111110, sa_flags=SA_RESTART|SA_SIGINFO
SIGBUS: [libjvm.so+0xa70490], sa_mask[0]=11111111011111111101111111111110, sa_flags=SA_RESTART|SA_SIGINFO
SIGFPE: [libjvm.so+0x8b9fc0], sa_mask[0]=11111111011111111101111111111110, sa_flags=SA_RESTART|SA_SIGINFO
SIGPIPE: [libjvm.so+0x8b9fc0], sa_mask[0]=11111111011111111101111111111110, sa_flags=SA_RESTART|SA_SIGINFO
SIGXFSZ: [libjvm.so+0x8b9fc0], sa_mask[0]=11111111011111111101111111111110, sa_flags=SA_RESTART|SA_SIGINFO
SIGILL: [libjvm.so+0x8b9fc0], sa_mask[0]=11111111011111111101111111111110, sa_flags=SA_RESTART|SA_SIGINFO
SIGUSR1: SIG_DFL, sa_mask[0]=00000000000000000000000000000000, sa_flags=none
SIGUSR2: [libjvm.so+0x8b9e70], sa_mask[0]=00100000000000000000000000000000, sa_flags=SA_RESTART|SA_SIGINFO
SIGHUP: [libjvm.so+0x8ba320], sa_mask[0]=11111111011111111101111111111110, sa_flags=SA_RESTART|SA_SIGINFO
SIGINT: [libjvm.so+0x8ba320], sa_mask[0]=11111111011111111101111111111110, sa_flags=SA_RESTART|SA_SIGINFO
SIGTERM: [libjvm.so+0x8ba320], sa_mask[0]=11111111011111111101111111111110, sa_flags=SA_RESTART|SA_SIGINFO
SIGQUIT: [libjvm.so+0x8ba320], sa_mask[0]=11111111011111111101111111111110, sa_flags=SA_RESTART|SA_SIGINFO


---------------  S Y S T E M  ---------------

OS:DISTRIB_ID=Ubuntu
DISTRIB_RELEASE=17.04
DISTRIB_CODENAME=zesty
DISTRIB_DESCRIPTION="Ubuntu 17.04"

uname:Linux 4.10.0-37-generic #41-Ubuntu SMP Fri Oct 6 20:20:37 UTC 2017 x86_64
libc:glibc 2.24 NPTL 2.24 
rlimit: STACK 8192k, CORE 0k, NPROC 11844, NOFILE 1048576, AS infinity
load average:2,90 1,65 0,83

/proc/meminfo:
MemTotal:        3077980 kB
MemFree:           57072 kB
MemAvailable:          0 kB
Buffers:             336 kB
Cached:            71500 kB
SwapCached:          696 kB
Active:          2308316 kB
Inactive:         584264 kB
Active(anon):    2301092 kB
Inactive(anon):   577104 kB
Active(file):       7224 kB
Inactive(file):     7160 kB
Unevictable:          32 kB
Mlocked:              32 kB
SwapTotal:       1214880 kB
SwapFree:              0 kB
Dirty:                40 kB
Writeback:            96 kB
AnonPages:       2820652 kB
Mapped:            38336 kB
Shmem:             57332 kB
Slab:              48400 kB
SReclaimable:      21816 kB
SUnreclaim:        26584 kB
KernelStack:        8944 kB
PageTables:        39336 kB
NFS_Unstable:          0 kB
Bounce:                0 kB
WritebackTmp:          0 kB
CommitLimit:     2753868 kB
Committed_AS:    6982384 kB
VmallocTotal:   34359738367 kB
VmallocUsed:           0 kB
VmallocChunk:          0 kB
HardwareCorrupted:     0 kB
AnonHugePages:   1452032 kB
ShmemHugePages:        0 kB
ShmemPmdMapped:        0 kB
CmaTotal:              0 kB
CmaFree:               0 kB
HugePages_Total:       0
HugePages_Free:        0
HugePages_Rsvd:        0
HugePages_Surp:        0
Hugepagesize:       2048 kB
DirectMap4k:      137152 kB
DirectMap2M:     3008512 kB


CPU:total 2 (initial active 2) (2 cores per cpu, 1 threads per core) family 6 model 61 stepping 4, cmov, cx8, fxsr, mmx, sse, sse2, sse3, ssse3, sse4.1, sse4.2, popcnt, avx, aes, clmul, 3dnowpref, lzcnt, tsc, tscinvbit

/proc/cpuinfo:
processor	: 0
vendor_id	: GenuineIntel
cpu family	: 6
model		: 61
model name	: Intel(R) Core(TM) i5-5200U CPU @ 2.20GHz
stepping	: 4
cpu MHz		: 2194.916
cache size	: 3072 KB
physical id	: 0
siblings	: 2
core id		: 0
cpu cores	: 2
apicid		: 0
initial apicid	: 0
fpu		: yes
fpu_exception	: yes
cpuid level	: 20
wp		: yes
flags		: fpu vme de pse tsc msr pae mce cx8 apic sep mtrr pge mca cmov pat pse36 clflush mmx fxsr sse sse2 ht syscall nx rdtscp lm constant_tsc rep_good nopl xtopology nonstop_tsc pni pclmulqdq ssse3 cx16 sse4_1 sse4_2 x2apic movbe popcnt aes xsave avx rdrand hypervisor lahf_lm abm 3dnowprefetch rdseed
bugs		:
bogomips	: 4389.83
clflush size	: 64
cache_alignment	: 64
address sizes	: 39 bits physical, 48 bits virtual
power management:

processor	: 1
vendor_id	: GenuineIntel
cpu family	: 6
model		: 61
model name	: Intel(R) Core(TM) i5-5200U CPU @ 2.20GHz
stepping	: 4
cpu MHz		: 2194.916
cache size	: 3072 KB
physical id	: 0
siblings	: 2
core id		: 1
cpu cores	: 2
apicid		: 1
initial apicid	: 1
fpu		: yes
fpu_exception	: yes
cpuid level	: 20
wp		: yes
flags		: fpu vme de pse tsc msr pae mce cx8 apic sep mtrr pge mca cmov pat pse36 clflush mmx fxsr sse sse2 ht syscall nx rdtscp lm constant_tsc rep_good nopl xtopology nonstop_tsc pni pclmulqdq ssse3 cx16 sse4_1 sse4_2 x2apic movbe popcnt aes xsave avx rdrand hypervisor lahf_lm abm 3dnowprefetch rdseed
bugs		:
bogomips	: 4389.83
clflush size	: 64
cache_alignment	: 64
address sizes	: 39 bits physical, 48 bits virtual
power management:



Memory: 4k page, physical 3077980k(57072k free), swap 1214880k(0k free)

vm_info: OpenJDK 64-Bit Server VM (25.131-b11) for linux-amd64 JRE (1.8.0_131-8u131-b11-2ubuntu1.17.04.3-b11), built on Jul 27 2017 21:26:44 by "buildd" with gcc 6.3.0 20170406

time: Fri Oct 20 15:05:57 2017
elapsed time: 2 seconds (0d 0h 0m 2s)

