#
# There is insufficient memory for the Java Runtime Environment to continue.
# Native memory allocation (mmap) failed to map 100663296 bytes for committing reserved memory.
# Possible reasons:
#   The system is out of physical RAM or swap space
#   In 32 bit mode, the process size limit was hit
# Possible solutions:
#   Reduce memory load on the system
#   Increase physical memory or swap space
#   Check if swap backing store is full
#   Use 64 bit Java on a 64 bit OS
#   Decrease Java heap size (-Xmx/-Xms)
#   Decrease number of Java threads
#   Decrease Java thread stack sizes (-Xss)
#   Set larger code cache with -XX:ReservedCodeCacheSize=
# This output file may be truncated or incomplete.
#
#  Out of Memory Error (os_linux.cpp:2643), pid=7746, tid=0x00007f45482fa700
#
# JRE version: OpenJDK Runtime Environment (8.0_131-b11) (build 1.8.0_131-8u131-b11-2ubuntu1.17.04.3-b11)
# Java VM: OpenJDK 64-Bit Server VM (25.131-b11 mixed mode linux-amd64 compressed oops)
# Failed to write core dump. Core dumps have been disabled. To enable core dumping, try "ulimit -c unlimited" before starting Java again
#

---------------  T H R E A D  ---------------

Current thread (0x00007f4558073800):  VMThread [stack: 0x00007f45481fa000,0x00007f45482fb000] [id=7774]

Stack: [0x00007f45481fa000,0x00007f45482fb000],  sp=0x00007f45482f94b0,  free space=1021k
Native frames: (J=compiled Java code, j=interpreted, Vv=VM code, C=native code)
V  [libjvm.so+0xa6fa00]  VMError::report_and_die()+0x160
V  [libjvm.so+0x4c7bdc]  report_vm_out_of_memory(char const*, int, unsigned long, VMErrorType, char const*)+0xac
V  [libjvm.so+0x8be7a0]  os::pd_commit_memory(char*, unsigned long, unsigned long, bool)+0xf0
V  [libjvm.so+0x8b8e2e]  os::commit_memory(char*, unsigned long, unsigned long, bool)+0x2e
V  [libjvm.so+0x93395e]  PSVirtualSpace::expand_by(unsigned long)+0x4e
V  [libjvm.so+0x934ce3]  PSYoungGen::resize(unsigned long, unsigned long)+0x103
V  [libjvm.so+0x931333]  PSScavenge::invoke_no_policy()+0x1503
V  [libjvm.so+0x92a039]  PSParallelCompact::invoke(bool)+0x49
V  [libjvm.so+0x449a23]  CollectedHeap::collect_as_vm_thread(GCCause::Cause)+0x163
V  [libjvm.so+0xa70ed9]  VM_CollectForMetadataAllocation::doit()+0x169
V  [libjvm.so+0xa767e7]  VM_Operation::evaluate()+0x47
V  [libjvm.so+0xa73f77]  VMThread::evaluate_operation(VM_Operation*) [clone .constprop.30]+0xe7
V  [libjvm.so+0xa753f6]  VMThread::loop()+0x246
V  [libjvm.so+0xa758f1]  VMThread::run()+0x81
V  [libjvm.so+0x8bbd32]  java_start(Thread*)+0xf2

VM_Operation (0x00007f4561f03250): CollectForMetadataAllocation, mode: safepoint, requested by thread 0x00007f455800a000


---------------  P R O C E S S  ---------------

Java Threads: ( => current thread )
  0x00007f45580b0000 JavaThread "Service Thread" daemon [_thread_blocked, id=7780, stack(0x00007f453b81f000,0x00007f453b920000)]
  0x00007f45580ad000 JavaThread "C1 CompilerThread1" daemon [_thread_blocked, id=7779, stack(0x00007f453b920000,0x00007f453ba21000)]
  0x00007f45580aa800 JavaThread "C2 CompilerThread0" daemon [_thread_blocked, id=7778, stack(0x00007f453ba21000,0x00007f453bb22000)]
  0x00007f45580a8000 JavaThread "Signal Dispatcher" daemon [_thread_blocked, id=7777, stack(0x00007f453bb22000,0x00007f453bc23000)]
  0x00007f455807f800 JavaThread "Finalizer" daemon [_thread_blocked, id=7776, stack(0x00007f453beff000,0x00007f453c000000)]
  0x00007f455807b000 JavaThread "Reference Handler" daemon [_thread_blocked, id=7775, stack(0x00007f45480f9000,0x00007f45481fa000)]
  0x00007f455800a000 JavaThread "main" [_thread_blocked, id=7771, stack(0x00007f4561e0c000,0x00007f4561f0d000)]

Other Threads:
=>0x00007f4558073800 VMThread [stack: 0x00007f45481fa000,0x00007f45482fb000] [id=7774]
  0x00007f45580bf000 WatcherThread [stack: 0x00007f453b71e000,0x00007f453b81f000] [id=7781]

VM state:at safepoint (normal execution)

VM Mutex/Monitor currently owned by a thread:  ([mutex/lock_event])
[0x00007f4558006480] Threads_lock - owner thread: 0x00007f4558073800
[0x00007f4558006980] Heap_lock - owner thread: 0x00007f455800a000

Heap:
 PSYoungGen      total 106496K, used 6199K [0x00000000f0580000, 0x00000000f7580000, 0x0000000100000000)
  eden space 98304K, 0% used [0x00000000f0580000,0x00000000f0580000,0x00000000f6580000)
  from space 8192K, 75% used [0x00000000f6580000,0x00000000f6b8dfb0,0x00000000f6d80000)
  to   space 8192K, 0% used [0x00000000f6d80000,0x00000000f6d80000,0x00000000f7580000)
 ParOldGen       total 32768K, used 12698K [0x00000000d1000000, 0x00000000d3000000, 0x00000000f0580000)
  object space 32768K, 38% used [0x00000000d1000000,0x00000000d1c66920,0x00000000d3000000)
 Metaspace       used 20650K, capacity 21202K, committed 21296K, reserved 1069056K
  class space    used 2453K, capacity 2568K, committed 2608K, reserved 1048576K

Card table byte_map: [0x00007f455e336000,0x00007f455e4af000] byte_map_base: 0x00007f455dcae000

Marking Bits: (ParMarkBitMap*) 0x00007f45610d12c0
 Begin Bits: [0x00007f455c8b9000, 0x00007f455d479000)
 End Bits:   [0x00007f455d479000, 0x00007f455e039000)

Polling page: 0x00007f4561f23000

CodeCache: size=245760Kb used=9034Kb max_used=9034Kb free=236725Kb
 bounds [0x00007f4549000000, 0x00007f45498e0000, 0x00007f4558000000]
 total_blobs=3355 nmethods=2986 adapters=283
 compilation: enabled

Compilation events (10 events):
Event: 5,339 Thread 0x00007f45580ad000 3005       2       com.sun.tools.javac.util.List::nil (4 bytes)
Event: 5,339 Thread 0x00007f45580ad000 nmethod 3005 0x00007f45498d3fd0 code [0x00007f45498d4120, 0x00007f45498d4250]
Event: 5,339 Thread 0x00007f45580ad000 3006       2       com.sun.tools.javac.code.AnnoConstruct::<init> (5 bytes)
Event: 5,339 Thread 0x00007f45580ad000 nmethod 3006 0x00007f45498d42d0 code [0x00007f45498d4420, 0x00007f45498d4570]
Event: 5,339 Thread 0x00007f45580ad000 3007       2       com.sun.tools.javac.util.Names::fromString (9 bytes)
Event: 5,339 Thread 0x00007f45580ad000 nmethod 3007 0x00007f45498d4610 code [0x00007f45498d47a0, 0x00007f45498d4a58]
Event: 5,339 Thread 0x00007f45580ad000 3008       2       com.sun.tools.javac.util.List::<init> (15 bytes)
Event: 5,339 Thread 0x00007f45580ad000 nmethod 3008 0x00007f45498d4c10 code [0x00007f45498d4d60, 0x00007f45498d4ed0]
Event: 5,388 Thread 0x00007f45580ad000 3009       2       java.util.EnumSet::noneOf (63 bytes)
Event: 5,389 Thread 0x00007f45580ad000 nmethod 3009 0x00007f45498d5b10 code [0x00007f45498d5d00, 0x00007f45498d62e8]

GC Heap History (10 events):
Event: 1,416 GC heap after
Heap after GC invocations=2 (full 0):
 PSYoungGen      total 26624K, used 2019K [0x00000000f0580000, 0x00000000f2180000, 0x0000000100000000)
  eden space 24576K, 0% used [0x00000000f0580000,0x00000000f0580000,0x00000000f1d80000)
  from space 2048K, 98% used [0x00000000f1f80000,0x00000000f2178e18,0x00000000f2180000)
  to   space 2048K, 0% used [0x00000000f1d80000,0x00000000f1d80000,0x00000000f1f80000)
 ParOldGen       total 32768K, used 1317K [0x00000000d1000000, 0x00000000d3000000, 0x00000000f0580000)
  object space 32768K, 4% used [0x00000000d1000000,0x00000000d11494a0,0x00000000d3000000)
 Metaspace       used 7600K, capacity 7800K, committed 7936K, reserved 1056768K
  class space    used 918K, capacity 984K, committed 1024K, reserved 1048576K
}
Event: 1,832 GC heap before
{Heap before GC invocations=3 (full 0):
 PSYoungGen      total 26624K, used 26595K [0x00000000f0580000, 0x00000000f2180000, 0x0000000100000000)
  eden space 24576K, 100% used [0x00000000f0580000,0x00000000f1d80000,0x00000000f1d80000)
  from space 2048K, 98% used [0x00000000f1f80000,0x00000000f2178e18,0x00000000f2180000)
  to   space 2048K, 0% used [0x00000000f1d80000,0x00000000f1d80000,0x00000000f1f80000)
 ParOldGen       total 32768K, used 1317K [0x00000000d1000000, 0x00000000d3000000, 0x00000000f0580000)
  object space 32768K, 4% used [0x00000000d1000000,0x00000000d11494a0,0x00000000d3000000)
 Metaspace       used 9799K, capacity 9936K, committed 9984K, reserved 1058816K
  class space    used 1179K, capacity 1245K, committed 1280K, reserved 1048576K
Event: 1,840 GC heap after
Heap after GC invocations=3 (full 0):
 PSYoungGen      total 26624K, used 2048K [0x00000000f0580000, 0x00000000f3980000, 0x0000000100000000)
  eden space 24576K, 0% used [0x00000000f0580000,0x00000000f0580000,0x00000000f1d80000)
  from space 2048K, 100% used [0x00000000f1d80000,0x00000000f1f80000,0x00000000f1f80000)
  to   space 2048K, 0% used [0x00000000f3780000,0x00000000f3780000,0x00000000f3980000)
 ParOldGen       total 32768K, used 3866K [0x00000000d1000000, 0x00000000d3000000, 0x00000000f0580000)
  object space 32768K, 11% used [0x00000000d1000000,0x00000000d13c6930,0x00000000d3000000)
 Metaspace       used 9799K, capacity 9936K, committed 9984K, reserved 1058816K
  class space    used 1179K, capacity 1245K, committed 1280K, reserved 1048576K
}
Event: 2,340 GC heap before
{Heap before GC invocations=4 (full 0):
 PSYoungGen      total 26624K, used 26624K [0x00000000f0580000, 0x00000000f3980000, 0x0000000100000000)
  eden space 24576K, 100% used [0x00000000f0580000,0x00000000f1d80000,0x00000000f1d80000)
  from space 2048K, 100% used [0x00000000f1d80000,0x00000000f1f80000,0x00000000f1f80000)
  to   space 2048K, 0% used [0x00000000f3780000,0x00000000f3780000,0x00000000f3980000)
 ParOldGen       total 32768K, used 3866K [0x00000000d1000000, 0x00000000d3000000, 0x00000000f0580000)
  object space 32768K, 11% used [0x00000000d1000000,0x00000000d13c6930,0x00000000d3000000)
 Metaspace       used 12536K, capacity 12714K, committed 12928K, reserved 1060864K
  class space    used 1557K, capacity 1637K, committed 1664K, reserved 1048576K
Event: 2,353 GC heap after
Heap after GC invocations=4 (full 0):
 PSYoungGen      total 51200K, used 2016K [0x00000000f0580000, 0x00000000f3980000, 0x0000000100000000)
  eden space 49152K, 0% used [0x00000000f0580000,0x00000000f0580000,0x00000000f3580000)
  from space 2048K, 98% used [0x00000000f3780000,0x00000000f3978020,0x00000000f3980000)
  to   space 2048K, 0% used [0x00000000f3580000,0x00000000f3580000,0x00000000f3780000)
 ParOldGen       total 32768K, used 7559K [0x00000000d1000000, 0x00000000d3000000, 0x00000000f0580000)
  object space 32768K, 23% used [0x00000000d1000000,0x00000000d1761d48,0x00000000d3000000)
 Metaspace       used 12536K, capacity 12714K, committed 12928K, reserved 1060864K
  class space    used 1557K, capacity 1637K, committed 1664K, reserved 1048576K
}
Event: 3,744 GC heap before
{Heap before GC invocations=5 (full 0):
 PSYoungGen      total 51200K, used 51168K [0x00000000f0580000, 0x00000000f3980000, 0x0000000100000000)
  eden space 49152K, 100% used [0x00000000f0580000,0x00000000f3580000,0x00000000f3580000)
  from space 2048K, 98% used [0x00000000f3780000,0x00000000f3978020,0x00000000f3980000)
  to   space 2048K, 0% used [0x00000000f3580000,0x00000000f3580000,0x00000000f3780000)
 ParOldGen       total 32768K, used 7559K [0x00000000d1000000, 0x00000000d3000000, 0x00000000f0580000)
  object space 32768K, 23% used [0x00000000d1000000,0x00000000d1761d48,0x00000000d3000000)
 Metaspace       used 16148K, capacity 16366K, committed 16640K, reserved 1064960K
  class space    used 1929K, capacity 2009K, committed 2048K, reserved 1048576K
Event: 3,781 GC heap after
Heap after GC invocations=5 (full 0):
 PSYoungGen      total 51200K, used 2032K [0x00000000f0580000, 0x00000000f7580000, 0x0000000100000000)
  eden space 49152K, 0% used [0x00000000f0580000,0x00000000f0580000,0x00000000f3580000)
  from space 2048K, 99% used [0x00000000f3580000,0x00000000f377c010,0x00000000f3780000)
  to   space 8192K, 0% used [0x00000000f6d80000,0x00000000f6d80000,0x00000000f7580000)
 ParOldGen       total 32768K, used 12258K [0x00000000d1000000, 0x00000000d3000000, 0x00000000f0580000)
  object space 32768K, 37% used [0x00000000d1000000,0x00000000d1bf88d0,0x00000000d3000000)
 Metaspace       used 16148K, capacity 16366K, committed 16640K, reserved 1064960K
  class space    used 1929K, capacity 2009K, committed 2048K, reserved 1048576K
}
Event: 4,729 GC heap before
{Heap before GC invocations=6 (full 0):
 PSYoungGen      total 51200K, used 51184K [0x00000000f0580000, 0x00000000f7580000, 0x0000000100000000)
  eden space 49152K, 100% used [0x00000000f0580000,0x00000000f3580000,0x00000000f3580000)
  from space 2048K, 99% used [0x00000000f3580000,0x00000000f377c010,0x00000000f3780000)
  to   space 8192K, 0% used [0x00000000f6d80000,0x00000000f6d80000,0x00000000f7580000)
 ParOldGen       total 32768K, used 12258K [0x00000000d1000000, 0x00000000d3000000, 0x00000000f0580000)
  object space 32768K, 37% used [0x00000000d1000000,0x00000000d1bf88d0,0x00000000d3000000)
 Metaspace       used 17792K, capacity 18230K, committed 18432K, reserved 1064960K
  class space    used 2091K, capacity 2197K, committed 2304K, reserved 1048576K
Event: 4,748 GC heap after
Heap after GC invocations=6 (full 0):
 PSYoungGen      total 106496K, used 5477K [0x00000000f0580000, 0x00000000f7580000, 0x0000000100000000)
  eden space 98304K, 0% used [0x00000000f0580000,0x00000000f0580000,0x00000000f6580000)
  from space 8192K, 66% used [0x00000000f6d80000,0x00000000f72d9460,0x00000000f7580000)
  to   space 8192K, 0% used [0x00000000f6580000,0x00000000f6580000,0x00000000f6d80000)
 ParOldGen       total 32768K, used 12266K [0x00000000d1000000, 0x00000000d3000000, 0x00000000f0580000)
  object space 32768K, 37% used [0x00000000d1000000,0x00000000d1bfa8d0,0x00000000d3000000)
 Metaspace       used 17792K, capacity 18230K, committed 18432K, reserved 1064960K
  class space    used 2091K, capacity 2197K, committed 2304K, reserved 1048576K
}
Event: 5,407 GC heap before
{Heap before GC invocations=7 (full 0):
 PSYoungGen      total 106496K, used 42004K [0x00000000f0580000, 0x00000000f7580000, 0x0000000100000000)
  eden space 98304K, 37% used [0x00000000f0580000,0x00000000f292be38,0x00000000f6580000)
  from space 8192K, 66% used [0x00000000f6d80000,0x00000000f72d9460,0x00000000f7580000)
  to   space 8192K, 0% used [0x00000000f6580000,0x00000000f6580000,0x00000000f6d80000)
 ParOldGen       total 32768K, used 12266K [0x00000000d1000000, 0x00000000d3000000, 0x00000000f0580000)
  object space 32768K, 37% used [0x00000000d1000000,0x00000000d1bfa8d0,0x00000000d3000000)
 Metaspace       used 20650K, capacity 21202K, committed 21296K, reserved 1069056K
  class space    used 2453K, capacity 2568K, committed 2608K, reserved 1048576K

Deoptimization events (10 events):
Event: 4,222 Thread 0x00007f455800a000 Uncommon trap: reason=null_check action=make_not_entrant pc=0x00007f45497647dc method=org.apache.maven.model.io.xpp3.MavenXpp3Reader.checkFieldWithDuplicate(Lorg/codehaus/plexus/util/xml/pull/XmlPullParser;Ljava/lang/String;Ljava/lang/String;Ljava/util/Se
Event: 4,272 Thread 0x00007f455800a000 Uncommon trap: reason=unstable_if action=reinterpret pc=0x00007f454939fca0 method=java.util.HashMap.getNode(ILjava/lang/Object;)Ljava/util/HashMap$Node; @ 53
Event: 4,490 Thread 0x00007f455800a000 Uncommon trap: reason=speculate_class_check action=maybe_recompile pc=0x00007f4549746064 method=java.nio.charset.CharsetDecoder.decode(Ljava/nio/ByteBuffer;Ljava/nio/CharBuffer;Z)Ljava/nio/charset/CoderResult; @ 57
Event: 4,490 Thread 0x00007f455800a000 Uncommon trap: reason=speculate_class_check action=maybe_recompile pc=0x00007f4549746064 method=java.nio.charset.CharsetDecoder.decode(Ljava/nio/ByteBuffer;Ljava/nio/CharBuffer;Z)Ljava/nio/charset/CoderResult; @ 57
Event: 4,491 Thread 0x00007f455800a000 Uncommon trap: reason=speculate_class_check action=maybe_recompile pc=0x00007f4549746064 method=java.nio.charset.CharsetDecoder.decode(Ljava/nio/ByteBuffer;Ljava/nio/CharBuffer;Z)Ljava/nio/charset/CoderResult; @ 57
Event: 4,507 Thread 0x00007f455800a000 Uncommon trap: reason=speculate_class_check action=maybe_recompile pc=0x00007f4549746064 method=java.nio.charset.CharsetDecoder.decode(Ljava/nio/ByteBuffer;Ljava/nio/CharBuffer;Z)Ljava/nio/charset/CoderResult; @ 57
Event: 4,508 Thread 0x00007f455800a000 Uncommon trap: reason=speculate_class_check action=maybe_recompile pc=0x00007f454972b478 method=java.nio.charset.CharsetDecoder.decode(Ljava/nio/ByteBuffer;Ljava/nio/CharBuffer;Z)Ljava/nio/charset/CoderResult; @ 57
Event: 4,508 Thread 0x00007f455800a000 Uncommon trap: reason=speculate_class_check action=maybe_recompile pc=0x00007f454972b478 method=java.nio.charset.CharsetDecoder.decode(Ljava/nio/ByteBuffer;Ljava/nio/CharBuffer;Z)Ljava/nio/charset/CoderResult; @ 57
Event: 4,616 Thread 0x00007f455800a000 Uncommon trap: reason=class_check action=maybe_recompile pc=0x00007f45493ac770 method=java.lang.reflect.Executable.getAnnotation(Ljava/lang/Class;)Ljava/lang/annotation/Annotation; @ 19
Event: 5,184 Thread 0x00007f455800a000 Uncommon trap: reason=predicate action=maybe_recompile pc=0x00007f45496f4c8c method=sun.misc.Resource.getBytes()[B @ 53

Internal exceptions (10 events):
Event: 3,005 Thread 0x00007f455800a000 Exception <a 'java/lang/NullPointerException'> (0x00000000f1cbb860) thrown at [/build/openjdk-8-ugc2Ph/openjdk-8-8u131-b11/src/hotspot/src/share/vm/interpreter/linkResolver.cpp, line 1197]
Event: 3,005 Thread 0x00007f455800a000 Exception <a 'java/lang/NullPointerException'> (0x00000000f1cbba78) thrown at [/build/openjdk-8-ugc2Ph/openjdk-8-8u131-b11/src/hotspot/src/share/vm/interpreter/linkResolver.cpp, line 1197]
Event: 3,006 Thread 0x00007f455800a000 Exception <a 'java/lang/NullPointerException'> (0x00000000f1cc2660) thrown at [/build/openjdk-8-ugc2Ph/openjdk-8-8u131-b11/src/hotspot/src/share/vm/interpreter/linkResolver.cpp, line 1197]
Event: 3,006 Thread 0x00007f455800a000 Exception <a 'java/lang/NullPointerException'> (0x00000000f1cc2878) thrown at [/build/openjdk-8-ugc2Ph/openjdk-8-8u131-b11/src/hotspot/src/share/vm/interpreter/linkResolver.cpp, line 1197]
Event: 3,006 Thread 0x00007f455800a000 Exception <a 'java/lang/NullPointerException'> (0x00000000f1cc2a90) thrown at [/build/openjdk-8-ugc2Ph/openjdk-8-8u131-b11/src/hotspot/src/share/vm/interpreter/linkResolver.cpp, line 1197]
Event: 3,449 Thread 0x00007f455800a000 Implicit null exception at 0x00007f45492bdb35 to 0x00007f45492bdd3d
Event: 3,450 Thread 0x00007f455800a000 Implicit null exception at 0x00007f454933436f to 0x00007f45493343d9
Event: 3,631 Thread 0x00007f455800a000 Implicit null exception at 0x00007f45493a503b to 0x00007f45493a5629
Event: 4,222 Thread 0x00007f455800a000 Implicit null exception at 0x00007f4549763df9 to 0x00007f45497647c1
Event: 5,177 Thread 0x00007f455800a000 Exception <a 'java/lang/ClassNotFoundException': com/sun/tools/javac/api/JavacTool> (0x00000000f1f8c3e8) thrown at [/build/openjdk-8-ugc2Ph/openjdk-8-8u131-b11/src/hotspot/src/share/vm/classfile/systemDictionary.cpp, line 210]

Events (10 events):
Event: 5,405 loading class com/sun/source/tree/SwitchTree done
Event: 5,406 loading class com/sun/tools/javac/tree/JCTree$JCCase
Event: 5,406 loading class com/sun/tools/javac/tree/JCTree$JCCase done
Event: 5,406 loading class com/sun/source/tree/CaseTree
Event: 5,406 loading class com/sun/source/tree/CaseTree done
Event: 5,406 loading class com/sun/tools/javac/tree/JCTree$JCSynchronized
Event: 5,406 loading class com/sun/tools/javac/tree/JCTree$JCSynchronized done
Event: 5,406 loading class com/sun/source/tree/SynchronizedTree
Event: 5,406 loading class com/sun/source/tree/SynchronizedTree done
Event: 5,406 Executing VM operation: CollectForMetadataAllocation


Dynamic libraries:
d1000000-d3000000 rw-p 00000000 00:00 0 
d3000000-f0580000 ---p 00000000 00:00 0 
f0580000-f7580000 rw-p 00000000 00:00 0 
fd580000-100000000 ---p 00000000 00:00 0 
100000000-10028c000 rw-p 00000000 00:00 0 
10028c000-140000000 ---p 00000000 00:00 0 
558d4f5d3000-558d4f5d4000 r-xp 00000000 08:01 662676                     /usr/lib/jvm/java-8-openjdk-amd64/jre/bin/java
558d4f7d3000-558d4f7d4000 r--p 00000000 08:01 662676                     /usr/lib/jvm/java-8-openjdk-amd64/jre/bin/java
558d4f7d4000-558d4f7d5000 rw-p 00001000 08:01 662676                     /usr/lib/jvm/java-8-openjdk-amd64/jre/bin/java
558d50538000-558d50559000 rw-p 00000000 00:00 0                          [heap]
7f4518000000-7f4518021000 rw-p 00000000 00:00 0 
7f4518021000-7f451c000000 ---p 00000000 00:00 0 
7f451cfff000-7f4520000000 rw-p 00000000 00:00 0 
7f4520000000-7f45210cb000 rw-p 00000000 00:00 0 
7f45210cb000-7f4524000000 ---p 00000000 00:00 0 
7f4524000000-7f4524021000 rw-p 00000000 00:00 0 
7f4524021000-7f4528000000 ---p 00000000 00:00 0 
7f4528000000-7f4528021000 rw-p 00000000 00:00 0 
7f4528021000-7f452c000000 ---p 00000000 00:00 0 
7f452c000000-7f452d65d000 rw-p 00000000 00:00 0 
7f452d65d000-7f4530000000 ---p 00000000 00:00 0 
7f4530000000-7f4530021000 rw-p 00000000 00:00 0 
7f4530021000-7f4534000000 ---p 00000000 00:00 0 
7f4534000000-7f4534021000 rw-p 00000000 00:00 0 
7f4534021000-7f4538000000 ---p 00000000 00:00 0 
7f453a65d000-7f453a69d000 rw-p 00000000 00:00 0 
7f453a69d000-7f453a85d000 ---p 00000000 00:00 0 
7f453a85d000-7f453a8d6000 r--s 010fd000 08:01 662744                     /usr/lib/jvm/java-8-openjdk-amd64/lib/tools.jar
7f453a8d6000-7f453aad6000 rw-p 00000000 00:00 0 
7f453aaf3000-7f453acf3000 rw-p 00000000 00:00 0 
7f453acf3000-7f453ad04000 r-xp 00000000 08:01 790191                     /usr/lib/jvm/java-8-openjdk-amd64/jre/lib/amd64/libnio.so
7f453ad04000-7f453af04000 ---p 00011000 08:01 790191                     /usr/lib/jvm/java-8-openjdk-amd64/jre/lib/amd64/libnio.so
7f453af04000-7f453af05000 r--p 00011000 08:01 790191                     /usr/lib/jvm/java-8-openjdk-amd64/jre/lib/amd64/libnio.so
7f453af05000-7f453af06000 rw-p 00012000 08:01 790191                     /usr/lib/jvm/java-8-openjdk-amd64/jre/lib/amd64/libnio.so
7f453af06000-7f453af1d000 r-xp 00000000 08:01 790190                     /usr/lib/jvm/java-8-openjdk-amd64/jre/lib/amd64/libnet.so
7f453af1d000-7f453b11c000 ---p 00017000 08:01 790190                     /usr/lib/jvm/java-8-openjdk-amd64/jre/lib/amd64/libnet.so
7f453b11c000-7f453b11d000 r--p 00016000 08:01 790190                     /usr/lib/jvm/java-8-openjdk-amd64/jre/lib/amd64/libnet.so
7f453b11d000-7f453b11e000 rw-p 00017000 08:01 790190                     /usr/lib/jvm/java-8-openjdk-amd64/jre/lib/amd64/libnet.so
7f453b11e000-7f453b31e000 rw-p 00000000 00:00 0 
7f453b31e000-7f453b51e000 rw-p 00000000 00:00 0 
7f453b51e000-7f453b71e000 rw-p 00000000 00:00 0 
7f453b71e000-7f453b71f000 ---p 00000000 00:00 0 
7f453b71f000-7f453b81f000 rw-p 00000000 00:00 0 
7f453b81f000-7f453b822000 ---p 00000000 00:00 0 
7f453b822000-7f453b920000 rw-p 00000000 00:00 0 
7f453b920000-7f453b923000 ---p 00000000 00:00 0 
7f453b923000-7f453ba21000 rw-p 00000000 00:00 0 
7f453ba21000-7f453ba24000 ---p 00000000 00:00 0 
7f453ba24000-7f453bb22000 rw-p 00000000 00:00 0 
7f453bb22000-7f453bb25000 ---p 00000000 00:00 0 
7f453bb25000-7f453bc23000 rw-p 00000000 00:00 0 
7f453bc23000-7f453beff000 r--p 00000000 08:01 1184976                    /usr/lib/locale/locale-archive
7f453beff000-7f453bf02000 ---p 00000000 00:00 0 
7f453bf02000-7f453c000000 rw-p 00000000 00:00 0 
7f453c000000-7f453c021000 rw-p 00000000 00:00 0 
7f453c021000-7f4540000000 ---p 00000000 00:00 0 
7f4540000000-7f4540277000 rw-p 00000000 00:00 0 
7f4540277000-7f4544000000 ---p 00000000 00:00 0 
7f4544000000-7f4544028000 rw-p 00000000 00:00 0 
7f4544028000-7f4548000000 ---p 00000000 00:00 0 
7f4548007000-7f4548008000 r--s 00004000 08:01 157418                     /home/novabase/.m2/repository/org/codehaus/plexus/plexus-compiler-javac/2.8.1/plexus-compiler-javac-2.8.1.jar
7f4548008000-7f454800a000 r--s 00000000 08:01 157416                     /home/novabase/.m2/repository/org/codehaus/plexus/plexus-compiler-manager/2.8.1/plexus-compiler-manager-2.8.1.jar
7f454800a000-7f454800c000 r--s 00005000 08:01 157414                     /home/novabase/.m2/repository/org/codehaus/plexus/plexus-compiler-api/2.8.1/plexus-compiler-api-2.8.1.jar
7f454800c000-7f4548013000 r--s 00046000 08:01 1310804                    /home/novabase/.m2/repository/com/thoughtworks/qdox/qdox/2.0-M5/qdox-2.0-M5.jar
7f4548013000-7f4548015000 r--s 0000c000 08:01 1068278                    /home/novabase/.m2/repository/org/ow2/asm/asm/6.0_ALPHA/asm-6.0_ALPHA.jar
7f4548015000-7f4548017000 r--s 00002000 08:01 144906                     /home/novabase/.m2/repository/org/apache/maven/shared/maven-shared-incremental/1.1/maven-shared-incremental-1.1.jar
7f4548017000-7f454801a000 r--s 00025000 08:01 1068276                    /home/novabase/.m2/repository/org/apache/maven/shared/maven-shared-utils/3.1.0/maven-shared-utils-3.1.0.jar
7f454801a000-7f454801c000 r--s 0000d000 08:01 144898                     /home/novabase/.m2/repository/org/codehaus/plexus/plexus-interpolation/1.14/plexus-interpolation-1.14.jar
7f454801c000-7f4548020000 r--s 00033000 08:01 144896                     /home/novabase/.m2/repository/org/codehaus/plexus/plexus-utils/2.0.4/plexus-utils-2.0.4.jar
7f4548020000-7f4548022000 r--s 0000d000 08:01 1068265                    /home/novabase/.m2/repository/org/apache/maven/plugins/maven-compiler-plugin/3.6.1/maven-compiler-plugin-3.6.1.jar
7f4548022000-7f4548025000 r--s 00011000 08:01 144600                     /home/novabase/.m2/repository/org/codehaus/plexus/plexus-interpolation/1.24/plexus-interpolation-1.24.jar
7f4548025000-7f4548029000 r--s 0002f000 08:01 667607                     /home/novabase/.m2/repository/commons-io/commons-io/2.5/commons-io-2.5.jar
7f4548029000-7f454802b000 r--s 00001000 08:01 144641                     /home/novabase/.m2/repository/org/sonatype/plexus/plexus-build-api/0.0.7/plexus-build-api-0.0.7.jar
7f454802b000-7f454802d000 r--s 00006000 08:01 667604                     /home/novabase/.m2/repository/com/google/code/findbugs/jsr305/2.0.1/jsr305-2.0.1.jar
7f454802d000-7f4548030000 r--s 00023000 08:01 144638                     /home/novabase/.m2/repository/org/apache/maven/shared/maven-shared-utils/3.0.0/maven-shared-utils-3.0.0.jar
7f4548030000-7f4548032000 r--s 0000b000 08:01 144637                     /home/novabase/.m2/repository/org/apache/maven/shared/maven-filtering/3.1.1/maven-filtering-3.1.1.jar
7f4548032000-7f4548036000 r--s 00039000 08:01 144636                     /home/novabase/.m2/repository/org/codehaus/plexus/plexus-utils/3.0.24/plexus-utils-3.0.24.jar
7f4548036000-7f4548038000 r--s 00002000 08:01 144629                     /home/novabase/.m2/repository/org/sonatype/plexus/plexus-cipher/1.4/plexus-cipher-1.4.jar
7f4548038000-7f4548039000 r--s 00006000 08:01 144628                     /home/novabase/.m2/repository/org/sonatype/plexus/plexus-sec-dispatcher/1.3/plexus-sec-dispatcher-1.3.jar
7f4548039000-7f454803b000 r--s 00000000 08:01 144627                     /home/novabase/.m2/repository/org/codehaus/plexus/plexus-component-annotations/1.6/plexus-component-annotations-1.6.jar
7f454803b000-7f454803f000 r--s 00017000 08:01 144621                     /home/novabase/.m2/repository/org/sonatype/aether/aether-util/1.7/aether-util-1.7.jar
7f454803f000-7f454804a000 r--s 00069000 08:01 144601                     /home/novabase/.m2/repository/org/sonatype/sisu/sisu-guice/2.1.7/sisu-guice-2.1.7-noaop.jar
7f454804a000-7f454804f000 r--s 00021000 08:01 144597                     /home/novabase/.m2/repository/org/sonatype/sisu/sisu-inject-bean/1.4.2/sisu-inject-bean-1.4.2.jar
7f454804f000-7f4548050000 r--s 00007000 08:01 540198                     /home/novabase/.m2/repository/org/apache/maven/plugins/maven-resources-plugin/3.0.2/maven-resources-plugin-3.0.2.jar
7f4548050000-7f4548054000 r--s 00034000 08:01 145214                     /home/novabase/.m2/repository/org/codehaus/plexus/plexus-utils/3.0/plexus-utils-3.0.jar
7f4548054000-7f4548056000 r--s 00005000 08:01 540240                     /home/novabase/.m2/repository/org/apache/maven/plugins/maven-clean-plugin/2.5/maven-clean-plugin-2.5.jar
7f4548056000-7f454805b000 r--s 0009a000 08:01 792814                     /usr/lib/jvm/java-8-openjdk-amd64/jre/lib/jsse.jar
7f454805b000-7f454805f000 r--s 00038000 08:01 1340226                    /usr/share/java/plexus-utils2.jar
7f454805f000-7f4548061000 r--s 00005000 08:01 1340021                    /usr/share/java/eclipse-aether-transport-wagon.jar
7f4548061000-7f4548064000 r--s 0000a000 08:01 1340302                    /usr/share/java/maven3-artifact-3.3.9.jar
7f4548064000-7f4548065000 r--s 00000000 08:01 1339681                    /usr/share/java/geronimo-interceptor-3.0-spec-1.0.1.jar
7f4548065000-7f4548067000 r--s 00012000 08:01 1339687                    /usr/share/java/el-api-3.0.jar
7f4548067000-7f4548068000 r--s 00000000 08:01 1339668                    /usr/share/java/atinject-jsr330-api-1.0.jar
7f4548068000-7f454806b000 r--s 00008000 08:01 1339695                    /usr/share/java/cdi-api-1.0.jar
7f454806b000-7f4548073000 r--s 00068000 08:01 1339757                    /usr/share/java/commons-lang3.jar
7f4548073000-7f4548074000 r--s 00004000 08:01 1339667                    /usr/share/java/atinject-jsr330-tck-1.0.jar
7f4548074000-7f454807a000 r--s 0004f000 08:01 1339925                    /usr/share/java/jsoup.jar
7f454807a000-7f454807c000 r--s 00006000 08:01 1340020                    /usr/share/java/eclipse-aether-spi.jar
7f454807c000-7f4548081000 r--s 0002e000 08:01 1339745                    /usr/share/java/commons-io.jar
7f4548081000-7f4548083000 r--s 0000a000 08:01 1339713                    /usr/share/java/commons-cli-1.3.1.jar
7f4548083000-7f454808a000 r--s 00054000 08:01 1340261                    /usr/share/java/sisu-inject.jar
7f454808a000-7f454808c000 r--s 00001000 08:01 1340038                    /usr/share/java/aopalliance-1.0.jar
7f454808c000-7f454809a000 r--s 00099000 08:01 1340052                    /usr/share/java/guice.jar
7f454809a000-7f45480a7000 r--s 0008d000 08:01 1340305                    /usr/share/java/maven3-core-3.3.9.jar
7f45480a7000-7f45480ab000 r--s 00020000 08:01 1340023                    /usr/share/java/eclipse-aether-util.jar
7f45480ab000-7f45480ac000 r--s 00002000 08:01 1339898                    /usr/share/java/slf4j-simple.jar
7f45480ac000-7f45480ad000 r--s 00001000 08:01 1340273                    /usr/share/java/wagon-file-2.x.jar
7f45480ad000-7f45480ae000 r--s 00009000 08:01 1339892                    /usr/share/java/slf4j-api.jar
7f45480ae000-7f45480b5000 r--s 0002c000 08:01 1340267                    /usr/share/java/sisu-plexus.jar
7f45480b5000-7f45480b7000 r--s 0000a000 08:01 1340303                    /usr/share/java/maven3-plugin-api-3.3.9.jar
7f45480b7000-7f45480bc000 r--s 00040000 08:01 1339751                    /usr/share/java/commons-lang-2.6.jar
7f45480bc000-7f45480bd000 r--s 00006000 08:01 1340298                    /usr/share/java/maven3-repository-metadata-3.3.9.jar
7f45480bd000-7f45480bf000 r--s 00002000 08:01 1340158                    /usr/share/java/plexus-cipher.jar
7f45480bf000-7f45480c1000 r--s 00001000 08:01 1340304                    /usr/share/java/maven3-builder-support-3.3.9.jar
7f45480c1000-7f45480c3000 r--s 00000000 08:01 1340220                    /usr/share/java/plexus-component-annotations-1.5.jar
7f45480c3000-7f45480ef000 r--s 00208000 08:01 1339938                    /usr/share/java/guava.jar
7f45480ef000-7f45480f0000 r--s 00006000 08:01 1340164                    /usr/share/java/plexus-sec-dispatcher.jar
7f45480f0000-7f45480f5000 r--s 00025000 08:01 1340295                    /usr/share/java/maven3-model-builder-3.3.9.jar
7f45480f5000-7f45480f7000 r--s 0000a000 08:01 1340279                    /usr/share/java/wagon-provider-api-2.x.jar
7f45480f7000-7f45480f9000 r--s 00027000 08:01 1340296                    /usr/share/java/maven3-model-3.3.9.jar
7f45480f9000-7f45480fc000 ---p 00000000 00:00 0 
7f45480fc000-7f45481fa000 rw-p 00000000 00:00 0 
7f45481fa000-7f45481fb000 ---p 00000000 00:00 0 
7f45481fb000-7f4549000000 rw-p 00000000 00:00 0 
7f4549000000-7f45498e0000 rwxp 00000000 00:00 0 
7f45498e0000-7f4558000000 ---p 00000000 00:00 0 
7f4558000000-7f4558c5d000 rw-p 00000000 00:00 0 
7f4558c5d000-7f455c000000 ---p 00000000 00:00 0 
7f455c000000-7f455c001000 r--s 00001000 08:01 1340278                    /usr/share/java/wagon-http-shared-2.x.jar
7f455c001000-7f455c005000 r--s 00027000 08:01 1340015                    /usr/share/java/eclipse-aether-impl.jar
7f455c005000-7f455c007000 r--s 0000e000 08:01 1339854                    /usr/share/java/plexus-interpolation.jar
7f455c007000-7f455c00a000 r--s 00007000 08:01 1340297                    /usr/share/java/maven3-settings-builder-3.3.9.jar
7f455c00a000-7f455c03b000 r--s 00212000 08:01 1340277                    /usr/share/java/wagon-http-shaded-2.x.jar
7f455c03b000-7f455c03d000 r--s 00013000 08:01 1340301                    /usr/share/java/maven3-embedder-3.3.9.jar
7f455c03d000-7f455c042000 r--s 0001d000 08:01 1340022                    /usr/share/java/eclipse-aether-api.jar
7f455c042000-7f455c043000 r--s 00008000 08:01 1340018                    /usr/share/java/eclipse-aether-connector-basic.jar
7f455c043000-7f455c04a000 r--s 00041000 08:01 1340299                    /usr/share/java/maven3-compat-3.3.9.jar
7f455c04a000-7f455c04c000 r--s 0000d000 08:01 1340294                    /usr/share/java/maven3-aether-provider-3.3.9.jar
7f455c04c000-7f455c04e000 r--s 0000a000 08:01 1340214                    /usr/share/java/plexus-classworlds2-2.5.2.jar
7f455c04e000-7f455c051000 r--s 0000f000 08:01 930681                     /usr/lib/jvm/java-8-openjdk-amd64/jre/lib/ext/icedtea-sound.jar
7f455c051000-7f455c056000 r--s 0003b000 08:01 930686                     /usr/lib/jvm/java-8-openjdk-amd64/jre/lib/ext/sunjce_provider.jar
7f455c056000-7f455c060000 r--s 00116000 08:01 930683                     /usr/lib/jvm/java-8-openjdk-amd64/jre/lib/ext/localedata.jar
7f455c060000-7f455c07b000 r--s 001d6000 08:01 930684                     /usr/lib/jvm/java-8-openjdk-amd64/jre/lib/ext/nashorn.jar
7f455c07b000-7f455c096000 r--s 00394000 08:01 930679                     /usr/lib/jvm/java-8-openjdk-amd64/jre/lib/ext/cldrdata.jar
7f455c096000-7f455c4fd000 rw-p 00000000 00:00 0 
7f455c4fd000-7f455c6cb000 r--s 03c13000 08:01 792819                     /usr/lib/jvm/java-8-openjdk-amd64/jre/lib/rt.jar
7f455c6cb000-7f455e039000 rw-p 00000000 00:00 0 
7f455e039000-7f455e03a000 ---p 00000000 00:00 0 
7f455e03a000-7f455e13a000 rw-p 00000000 00:00 0 
7f455e13a000-7f455e13b000 ---p 00000000 00:00 0 
7f455e13b000-7f455e24b000 rw-p 00000000 00:00 0 
7f455e24b000-7f455e336000 ---p 00000000 00:00 0 
7f455e336000-7f455e346000 rw-p 00000000 00:00 0 
7f455e346000-7f455e430000 ---p 00000000 00:00 0 
7f455e430000-7f455e469000 rw-p 00000000 00:00 0 
7f455e469000-7f455e4ae000 ---p 00000000 00:00 0 
7f455e4ae000-7f455e4d3000 rw-p 00000000 00:00 0 
7f455e4d3000-7f455e86f000 ---p 00000000 00:00 0 
7f455e86f000-7f455e877000 r-xp 00000000 08:01 790198                     /usr/lib/jvm/java-8-openjdk-amd64/jre/lib/amd64/libzip.so
7f455e877000-7f455ea76000 ---p 00008000 08:01 790198                     /usr/lib/jvm/java-8-openjdk-amd64/jre/lib/amd64/libzip.so
7f455ea76000-7f455ea77000 r--p 00007000 08:01 790198                     /usr/lib/jvm/java-8-openjdk-amd64/jre/lib/amd64/libzip.so
7f455ea77000-7f455ea78000 rw-p 00008000 08:01 790198                     /usr/lib/jvm/java-8-openjdk-amd64/jre/lib/amd64/libzip.so
7f455ea78000-7f455ea83000 r-xp 00000000 08:01 917551                     /lib/x86_64-linux-gnu/libnss_files-2.24.so
7f455ea83000-7f455ec82000 ---p 0000b000 08:01 917551                     /lib/x86_64-linux-gnu/libnss_files-2.24.so
7f455ec82000-7f455ec83000 r--p 0000a000 08:01 917551                     /lib/x86_64-linux-gnu/libnss_files-2.24.so
7f455ec83000-7f455ec84000 rw-p 0000b000 08:01 917551                     /lib/x86_64-linux-gnu/libnss_files-2.24.so
7f455ec84000-7f455ec8a000 rw-p 00000000 00:00 0 
7f455ec8a000-7f455ec95000 r-xp 00000000 08:01 917553                     /lib/x86_64-linux-gnu/libnss_nis-2.24.so
7f455ec95000-7f455ee94000 ---p 0000b000 08:01 917553                     /lib/x86_64-linux-gnu/libnss_nis-2.24.so
7f455ee94000-7f455ee95000 r--p 0000a000 08:01 917553                     /lib/x86_64-linux-gnu/libnss_nis-2.24.so
7f455ee95000-7f455ee96000 rw-p 0000b000 08:01 917553                     /lib/x86_64-linux-gnu/libnss_nis-2.24.so
7f455ee96000-7f455eeac000 r-xp 00000000 08:01 917548                     /lib/x86_64-linux-gnu/libnsl-2.24.so
7f455eeac000-7f455f0ab000 ---p 00016000 08:01 917548                     /lib/x86_64-linux-gnu/libnsl-2.24.so
7f455f0ab000-7f455f0ac000 r--p 00015000 08:01 917548                     /lib/x86_64-linux-gnu/libnsl-2.24.so
7f455f0ac000-7f455f0ad000 rw-p 00016000 08:01 917548                     /lib/x86_64-linux-gnu/libnsl-2.24.so
7f455f0ad000-7f455f0af000 rw-p 00000000 00:00 0 
7f455f0af000-7f455f0b7000 r-xp 00000000 08:01 917549                     /lib/x86_64-linux-gnu/libnss_compat-2.24.so
7f455f0b7000-7f455f2b6000 ---p 00008000 08:01 917549                     /lib/x86_64-linux-gnu/libnss_compat-2.24.so
7f455f2b6000-7f455f2b7000 r--p 00007000 08:01 917549                     /lib/x86_64-linux-gnu/libnss_compat-2.24.so
7f455f2b7000-7f455f2b8000 rw-p 00008000 08:01 917549                     /lib/x86_64-linux-gnu/libnss_compat-2.24.so
7f455f2b8000-7f455f2e5000 r-xp 00000000 08:01 790179                     /usr/lib/jvm/java-8-openjdk-amd64/jre/lib/amd64/libjava.so
7f455f2e5000-7f455f4e4000 ---p 0002d000 08:01 790179                     /usr/lib/jvm/java-8-openjdk-amd64/jre/lib/amd64/libjava.so
7f455f4e4000-7f455f4e5000 r--p 0002c000 08:01 790179                     /usr/lib/jvm/java-8-openjdk-amd64/jre/lib/amd64/libjava.so
7f455f4e5000-7f455f4e7000 rw-p 0002d000 08:01 790179                     /usr/lib/jvm/java-8-openjdk-amd64/jre/lib/amd64/libjava.so
7f455f4e7000-7f455f4f6000 r-xp 00000000 08:01 790197                     /usr/lib/jvm/java-8-openjdk-amd64/jre/lib/amd64/libverify.so
7f455f4f6000-7f455f6f6000 ---p 0000f000 08:01 790197                     /usr/lib/jvm/java-8-openjdk-amd64/jre/lib/amd64/libverify.so
7f455f6f6000-7f455f6f8000 r--p 0000f000 08:01 790197                     /usr/lib/jvm/java-8-openjdk-amd64/jre/lib/amd64/libverify.so
7f455f6f8000-7f455f6f9000 rw-p 00011000 08:01 790197                     /usr/lib/jvm/java-8-openjdk-amd64/jre/lib/amd64/libverify.so
7f455f6f9000-7f455f700000 r-xp 00000000 08:01 922898                     /lib/x86_64-linux-gnu/librt-2.24.so
7f455f700000-7f455f8ff000 ---p 00007000 08:01 922898                     /lib/x86_64-linux-gnu/librt-2.24.so
7f455f8ff000-7f455f900000 r--p 00006000 08:01 922898                     /lib/x86_64-linux-gnu/librt-2.24.so
7f455f900000-7f455f901000 rw-p 00007000 08:01 922898                     /lib/x86_64-linux-gnu/librt-2.24.so
7f455f901000-7f455f917000 r-xp 00000000 08:01 923076                     /lib/x86_64-linux-gnu/libgcc_s.so.1
7f455f917000-7f455fb16000 ---p 00016000 08:01 923076                     /lib/x86_64-linux-gnu/libgcc_s.so.1
7f455fb16000-7f455fb17000 r--p 00015000 08:01 923076                     /lib/x86_64-linux-gnu/libgcc_s.so.1
7f455fb17000-7f455fb18000 rw-p 00016000 08:01 923076                     /lib/x86_64-linux-gnu/libgcc_s.so.1
7f455fb18000-7f455fc20000 r-xp 00000000 08:01 917545                     /lib/x86_64-linux-gnu/libm-2.24.so
7f455fc20000-7f455fe1f000 ---p 00108000 08:01 917545                     /lib/x86_64-linux-gnu/libm-2.24.so
7f455fe1f000-7f455fe20000 r--p 00107000 08:01 917545                     /lib/x86_64-linux-gnu/libm-2.24.so
7f455fe20000-7f455fe21000 rw-p 00108000 08:01 917545                     /lib/x86_64-linux-gnu/libm-2.24.so
7f455fe21000-7f455ff9a000 r-xp 00000000 08:01 1186287                    /usr/lib/x86_64-linux-gnu/libstdc++.so.6.0.22
7f455ff9a000-7f4560199000 ---p 00179000 08:01 1186287                    /usr/lib/x86_64-linux-gnu/libstdc++.so.6.0.22
7f4560199000-7f45601a3000 r--p 00178000 08:01 1186287                    /usr/lib/x86_64-linux-gnu/libstdc++.so.6.0.22
7f45601a3000-7f45601a5000 rw-p 00182000 08:01 1186287                    /usr/lib/x86_64-linux-gnu/libstdc++.so.6.0.22
7f45601a5000-7f45601a9000 rw-p 00000000 00:00 0 
7f45601a9000-7f4560e03000 r-xp 00000000 08:01 790201                     /usr/lib/jvm/java-8-openjdk-amd64/jre/lib/amd64/server/libjvm.so
7f4560e03000-7f4561002000 ---p 00c5a000 08:01 790201                     /usr/lib/jvm/java-8-openjdk-amd64/jre/lib/amd64/server/libjvm.so
7f4561002000-7f4561095000 r--p 00c59000 08:01 790201                     /usr/lib/jvm/java-8-openjdk-amd64/jre/lib/amd64/server/libjvm.so
7f4561095000-7f45610be000 rw-p 00cec000 08:01 790201                     /usr/lib/jvm/java-8-openjdk-amd64/jre/lib/amd64/server/libjvm.so
7f45610be000-7f45610ee000 rw-p 00000000 00:00 0 
7f45610ee000-7f4561106000 r-xp 00000000 08:01 922554                     /lib/x86_64-linux-gnu/libpthread-2.24.so
7f4561106000-7f4561306000 ---p 00018000 08:01 922554                     /lib/x86_64-linux-gnu/libpthread-2.24.so
7f4561306000-7f4561307000 r--p 00018000 08:01 922554                     /lib/x86_64-linux-gnu/libpthread-2.24.so
7f4561307000-7f4561308000 rw-p 00019000 08:01 922554                     /lib/x86_64-linux-gnu/libpthread-2.24.so
7f4561308000-7f456130c000 rw-p 00000000 00:00 0 
7f456130c000-7f456130f000 r-xp 00000000 08:01 917544                     /lib/x86_64-linux-gnu/libdl-2.24.so
7f456130f000-7f456150e000 ---p 00003000 08:01 917544                     /lib/x86_64-linux-gnu/libdl-2.24.so
7f456150e000-7f456150f000 r--p 00002000 08:01 917544                     /lib/x86_64-linux-gnu/libdl-2.24.so
7f456150f000-7f4561510000 rw-p 00003000 08:01 917544                     /lib/x86_64-linux-gnu/libdl-2.24.so
7f4561510000-7f456152b000 r-xp 00000000 08:01 923213                     /lib/x86_64-linux-gnu/libz.so.1.2.11
7f456152b000-7f456172a000 ---p 0001b000 08:01 923213                     /lib/x86_64-linux-gnu/libz.so.1.2.11
7f456172a000-7f456172b000 r--p 0001a000 08:01 923213                     /lib/x86_64-linux-gnu/libz.so.1.2.11
7f456172b000-7f456172c000 rw-p 0001b000 08:01 923213                     /lib/x86_64-linux-gnu/libz.so.1.2.11
7f456172c000-7f45618ea000 r-xp 00000000 08:01 917541                     /lib/x86_64-linux-gnu/libc-2.24.so
7f45618ea000-7f4561ae9000 ---p 001be000 08:01 917541                     /lib/x86_64-linux-gnu/libc-2.24.so
7f4561ae9000-7f4561aed000 r--p 001bd000 08:01 917541                     /lib/x86_64-linux-gnu/libc-2.24.so
7f4561aed000-7f4561aef000 rw-p 001c1000 08:01 917541                     /lib/x86_64-linux-gnu/libc-2.24.so
7f4561aef000-7f4561af3000 rw-p 00000000 00:00 0 
7f4561af3000-7f4561b00000 r-xp 00000000 08:01 790165                     /usr/lib/jvm/java-8-openjdk-amd64/jre/lib/amd64/jli/libjli.so
7f4561b00000-7f4561d00000 ---p 0000d000 08:01 790165                     /usr/lib/jvm/java-8-openjdk-amd64/jre/lib/amd64/jli/libjli.so
7f4561d00000-7f4561d01000 r--p 0000d000 08:01 790165                     /usr/lib/jvm/java-8-openjdk-amd64/jre/lib/amd64/jli/libjli.so
7f4561d01000-7f4561d02000 rw-p 0000e000 08:01 790165                     /usr/lib/jvm/java-8-openjdk-amd64/jre/lib/amd64/jli/libjli.so
7f4561d02000-7f4561d28000 r-xp 00000000 08:01 917518                     /lib/x86_64-linux-gnu/ld-2.24.so
7f4561d28000-7f4561d2a000 r--s 00007000 08:01 1319769                    /usr/share/java/java-atk-wrapper.jar
7f4561d2a000-7f4561d2c000 r--s 00001000 08:01 930680                     /usr/lib/jvm/java-8-openjdk-amd64/jre/lib/ext/dnsns.jar
7f4561d2c000-7f4561e0c000 rw-p 00000000 00:00 0 
7f4561e0c000-7f4561e0f000 ---p 00000000 00:00 0 
7f4561e0f000-7f4561f11000 rw-p 00000000 00:00 0 
7f4561f11000-7f4561f12000 r--s 0000a000 08:01 1340300                    /usr/share/java/maven3-settings-3.3.9.jar
7f4561f12000-7f4561f13000 r--s 00010000 08:01 930688                     /usr/lib/jvm/java-8-openjdk-amd64/jre/lib/ext/zipfs.jar
7f4561f13000-7f4561f17000 r--s 00037000 08:01 930687                     /usr/lib/jvm/java-8-openjdk-amd64/jre/lib/ext/sunpkcs11.jar
7f4561f17000-7f4561f18000 r--s 0000a000 08:01 930682                     /usr/lib/jvm/java-8-openjdk-amd64/jre/lib/ext/jaccess.jar
7f4561f18000-7f4561f1a000 r--s 00008000 08:01 930685                     /usr/lib/jvm/java-8-openjdk-amd64/jre/lib/ext/sunec.jar
7f4561f1a000-7f4561f22000 rw-s 00000000 08:01 1068256                    /tmp/hsperfdata_novabase/7746
7f4561f22000-7f4561f23000 rw-p 00000000 00:00 0 
7f4561f23000-7f4561f24000 ---p 00000000 00:00 0 
7f4561f24000-7f4561f27000 rw-p 00000000 00:00 0 
7f4561f27000-7f4561f28000 r--p 00025000 08:01 917518                     /lib/x86_64-linux-gnu/ld-2.24.so
7f4561f28000-7f4561f29000 rw-p 00026000 08:01 917518                     /lib/x86_64-linux-gnu/ld-2.24.so
7f4561f29000-7f4561f2a000 rw-p 00000000 00:00 0 
7ffe7253a000-7ffe7255b000 rw-p 00000000 00:00 0                          [stack]
7ffe72561000-7ffe72563000 r--p 00000000 00:00 0                          [vvar]
7ffe72563000-7ffe72565000 r-xp 00000000 00:00 0                          [vdso]
ffffffffff600000-ffffffffff601000 r-xp 00000000 00:00 0                  [vsyscall]

VM Arguments:
jvm_args: -Dclassworlds.conf=/usr/share/maven/bin/m2.conf -Dmaven.home=/usr/share/maven -Dmaven.multiModuleProjectDirectory=/home/novabase/java-bank 
java_command: org.codehaus.plexus.classworlds.launcher.Launcher clean tomcat7:redeploy
java_class_path (initial): /usr/share/maven/boot/plexus-classworlds-2.x.jar
Launcher Type: SUN_STANDARD

Environment Variables:
JAVA_HOME=/usr/lib/jvm/java-8-openjdk-amd64
PATH=/home/novabase/.local/share/umake/bin:/home/novabase/.local/share/umake/bin:/usr/local/sbin:/usr/local/bin:/usr/sbin:/usr/bin:/sbin:/bin:/usr/games:/usr/local/games:/snap/bin:/snap/bin
LD_LIBRARY_PATH=/home/novabase/.local/share/umake/ide/idea-ultimate/bin:
SHELL=/bin/bash
DISPLAY=:0.0

Signal Handlers:
SIGSEGV: [libjvm.so+0xa70490], sa_mask[0]=11111111011111111101111111111110, sa_flags=SA_RESTART|SA_SIGINFO
SIGBUS: [libjvm.so+0xa70490], sa_mask[0]=11111111011111111101111111111110, sa_flags=SA_RESTART|SA_SIGINFO
SIGFPE: [libjvm.so+0x8b9fc0], sa_mask[0]=11111111011111111101111111111110, sa_flags=SA_RESTART|SA_SIGINFO
SIGPIPE: [libjvm.so+0x8b9fc0], sa_mask[0]=11111111011111111101111111111110, sa_flags=SA_RESTART|SA_SIGINFO
SIGXFSZ: [libjvm.so+0x8b9fc0], sa_mask[0]=11111111011111111101111111111110, sa_flags=SA_RESTART|SA_SIGINFO
SIGILL: [libjvm.so+0x8b9fc0], sa_mask[0]=11111111011111111101111111111110, sa_flags=SA_RESTART|SA_SIGINFO
SIGUSR1: SIG_DFL, sa_mask[0]=00000000000000000000000000000000, sa_flags=none
SIGUSR2: [libjvm.so+0x8b9e70], sa_mask[0]=00100000000000000000000000000000, sa_flags=SA_RESTART|SA_SIGINFO
SIGHUP: [libjvm.so+0x8ba320], sa_mask[0]=11111111011111111101111111111110, sa_flags=SA_RESTART|SA_SIGINFO
SIGINT: [libjvm.so+0x8ba320], sa_mask[0]=11111111011111111101111111111110, sa_flags=SA_RESTART|SA_SIGINFO
SIGTERM: [libjvm.so+0x8ba320], sa_mask[0]=11111111011111111101111111111110, sa_flags=SA_RESTART|SA_SIGINFO
SIGQUIT: [libjvm.so+0x8ba320], sa_mask[0]=11111111011111111101111111111110, sa_flags=SA_RESTART|SA_SIGINFO


---------------  S Y S T E M  ---------------

OS:DISTRIB_ID=Ubuntu
DISTRIB_RELEASE=17.04
DISTRIB_CODENAME=zesty
DISTRIB_DESCRIPTION="Ubuntu 17.04"

uname:Linux 4.10.0-37-generic #41-Ubuntu SMP Fri Oct 6 20:20:37 UTC 2017 x86_64
libc:glibc 2.24 NPTL 2.24 
rlimit: STACK 8192k, CORE 0k, NPROC 11844, NOFILE 1048576, AS infinity
load average:1,80 1,05 0,66

/proc/meminfo:
MemTotal:        3077980 kB
MemFree:           74740 kB
MemAvailable:      25820 kB
Buffers:            5228 kB
Cached:            74660 kB
SwapCached:        17580 kB
Active:          2290272 kB
Inactive:         582136 kB
Active(anon):    2267036 kB
Inactive(anon):   565912 kB
Active(file):      23236 kB
Inactive(file):    16224 kB
Unevictable:          32 kB
Mlocked:              32 kB
SwapTotal:       1214880 kB
SwapFree:              4 kB
Dirty:               300 kB
Writeback:             0 kB
AnonPages:       2775160 kB
Mapped:            27156 kB
Shmem:             40388 kB
Slab:              48128 kB
SReclaimable:      21396 kB
SUnreclaim:        26732 kB
KernelStack:        9280 kB
PageTables:        40584 kB
NFS_Unstable:          0 kB
Bounce:                0 kB
WritebackTmp:          0 kB
CommitLimit:     2753868 kB
Committed_AS:    7229964 kB
VmallocTotal:   34359738367 kB
VmallocUsed:           0 kB
VmallocChunk:          0 kB
HardwareCorrupted:     0 kB
AnonHugePages:   1484800 kB
ShmemHugePages:        0 kB
ShmemPmdMapped:        0 kB
CmaTotal:              0 kB
CmaFree:               0 kB
HugePages_Total:       0
HugePages_Free:        0
HugePages_Rsvd:        0
HugePages_Surp:        0
Hugepagesize:       2048 kB
DirectMap4k:      112576 kB
DirectMap2M:     3033088 kB


CPU:total 2 (initial active 2) (2 cores per cpu, 1 threads per core) family 6 model 61 stepping 4, cmov, cx8, fxsr, mmx, sse, sse2, sse3, ssse3, sse4.1, sse4.2, popcnt, avx, aes, clmul, 3dnowpref, lzcnt, tsc, tscinvbit

/proc/cpuinfo:
processor	: 0
vendor_id	: GenuineIntel
cpu family	: 6
model		: 61
model name	: Intel(R) Core(TM) i5-5200U CPU @ 2.20GHz
stepping	: 4
cpu MHz		: 2194.916
cache size	: 3072 KB
physical id	: 0
siblings	: 2
core id		: 0
cpu cores	: 2
apicid		: 0
initial apicid	: 0
fpu		: yes
fpu_exception	: yes
cpuid level	: 20
wp		: yes
flags		: fpu vme de pse tsc msr pae mce cx8 apic sep mtrr pge mca cmov pat pse36 clflush mmx fxsr sse sse2 ht syscall nx rdtscp lm constant_tsc rep_good nopl xtopology nonstop_tsc pni pclmulqdq ssse3 cx16 sse4_1 sse4_2 x2apic movbe popcnt aes xsave avx rdrand hypervisor lahf_lm abm 3dnowprefetch rdseed
bugs		:
bogomips	: 4389.83
clflush size	: 64
cache_alignment	: 64
address sizes	: 39 bits physical, 48 bits virtual
power management:

processor	: 1
vendor_id	: GenuineIntel
cpu family	: 6
model		: 61
model name	: Intel(R) Core(TM) i5-5200U CPU @ 2.20GHz
stepping	: 4
cpu MHz		: 2194.916
cache size	: 3072 KB
physical id	: 0
siblings	: 2
core id		: 1
cpu cores	: 2
apicid		: 1
initial apicid	: 1
fpu		: yes
fpu_exception	: yes
cpuid level	: 20
wp		: yes
flags		: fpu vme de pse tsc msr pae mce cx8 apic sep mtrr pge mca cmov pat pse36 clflush mmx fxsr sse sse2 ht syscall nx rdtscp lm constant_tsc rep_good nopl xtopology nonstop_tsc pni pclmulqdq ssse3 cx16 sse4_1 sse4_2 x2apic movbe popcnt aes xsave avx rdrand hypervisor lahf_lm abm 3dnowprefetch rdseed
bugs		:
bogomips	: 4389.83
clflush size	: 64
cache_alignment	: 64
address sizes	: 39 bits physical, 48 bits virtual
power management:



Memory: 4k page, physical 3077980k(74740k free), swap 1214880k(4k free)

vm_info: OpenJDK 64-Bit Server VM (25.131-b11) for linux-amd64 JRE (1.8.0_131-8u131-b11-2ubuntu1.17.04.3-b11), built on Jul 27 2017 21:26:44 by "buildd" with gcc 6.3.0 20170406

time: Mon Oct 23 12:13:31 2017
elapsed time: 5 seconds (0d 0h 0m 5s)

